2023-05-19 06:00:09,968 INFO [pool-10-thread-1] o.a.n.c.r.WriteAheadFlowFileRepository Initiating checkpoint of FlowFile Repository
2023-05-19 06:00:09,996 INFO [pool-10-thread-1] o.a.n.c.r.WriteAheadFlowFileRepository Successfully checkpointed FlowFile Repository with 24 records in 0 milliseconds
2023-05-19 06:00:29,997 INFO [pool-10-thread-1] o.a.n.c.r.WriteAheadFlowFileRepository Initiating checkpoint of FlowFile Repository
2023-05-19 06:00:29,997 INFO [pool-10-thread-1] o.a.n.c.r.WriteAheadFlowFileRepository Successfully checkpointed FlowFile Repository with 24 records in 0 milliseconds
2023-05-19 06:00:47,974 INFO [Write-Ahead Local State Provider Maintenance] org.wali.MinimalLockingWriteAheadLog org.wali.MinimalLockingWriteAheadLog@128c7b5b checkpointed with 16 Records and 0 Swap Files in 20 milliseconds (Stop-the-world time = 6 milliseconds, Clear Edit Logs time = 7 millis), max Transaction ID 149
2023-05-19 06:00:49,999 INFO [pool-10-thread-1] o.a.n.c.r.WriteAheadFlowFileRepository Initiating checkpoint of FlowFile Repository
2023-05-19 06:00:49,999 INFO [pool-10-thread-1] o.a.n.c.r.WriteAheadFlowFileRepository Successfully checkpointed FlowFile Repository with 24 records in 0 milliseconds
2023-05-19 06:00:59,686 INFO [Cleanup Archive for default] o.a.n.c.repository.FileSystemRepository Successfully deleted 0 files (0 bytes) from archive
2023-05-19 06:00:59,688 INFO [Cleanup Archive for default] o.a.n.c.repository.FileSystemRepository Archive cleanup completed for container default; will now allow writing to this container. Bytes used = 30.99 GB, bytes free = 8.99 GB, capacity = 39.98 GB
2023-05-19 06:01:10,000 INFO [pool-10-thread-1] o.a.n.c.r.WriteAheadFlowFileRepository Initiating checkpoint of FlowFile Repository
2023-05-19 06:01:10,000 INFO [pool-10-thread-1] o.a.n.c.r.WriteAheadFlowFileRepository Successfully checkpointed FlowFile Repository with 24 records in 0 milliseconds
2023-05-19 06:01:30,000 INFO [pool-10-thread-1] o.a.n.c.r.WriteAheadFlowFileRepository Initiating checkpoint of FlowFile Repository
2023-05-19 06:01:30,001 INFO [pool-10-thread-1] o.a.n.c.r.WriteAheadFlowFileRepository Successfully checkpointed FlowFile Repository with 24 records in 0 milliseconds
2023-05-19 06:01:50,001 INFO [pool-10-thread-1] o.a.n.c.r.WriteAheadFlowFileRepository Initiating checkpoint of FlowFile Repository
2023-05-19 06:01:50,001 INFO [pool-10-thread-1] o.a.n.c.r.WriteAheadFlowFileRepository Successfully checkpointed FlowFile Repository with 24 records in 0 milliseconds
2023-05-19 06:01:59,694 INFO [Cleanup Archive for default] o.a.n.c.repository.FileSystemRepository Successfully deleted 0 files (0 bytes) from archive
2023-05-19 06:01:59,694 INFO [Cleanup Archive for default] o.a.n.c.repository.FileSystemRepository Archive cleanup completed for container default; will now allow writing to this container. Bytes used = 30.99 GB, bytes free = 8.99 GB, capacity = 39.98 GB
2023-05-19 06:02:10,002 INFO [pool-10-thread-1] o.a.n.c.r.WriteAheadFlowFileRepository Initiating checkpoint of FlowFile Repository
2023-05-19 06:02:10,002 INFO [pool-10-thread-1] o.a.n.c.r.WriteAheadFlowFileRepository Successfully checkpointed FlowFile Repository with 24 records in 0 milliseconds
2023-05-19 06:02:30,002 INFO [pool-10-thread-1] o.a.n.c.r.WriteAheadFlowFileRepository Initiating checkpoint of FlowFile Repository
2023-05-19 06:02:30,002 INFO [pool-10-thread-1] o.a.n.c.r.WriteAheadFlowFileRepository Successfully checkpointed FlowFile Repository with 24 records in 0 milliseconds
2023-05-19 06:02:47,985 INFO [Write-Ahead Local State Provider Maintenance] org.wali.MinimalLockingWriteAheadLog org.wali.MinimalLockingWriteAheadLog@128c7b5b checkpointed with 16 Records and 0 Swap Files in 8 milliseconds (Stop-the-world time = 2 milliseconds, Clear Edit Logs time = 2 millis), max Transaction ID 149
2023-05-19 06:02:50,004 INFO [pool-10-thread-1] o.a.n.c.r.WriteAheadFlowFileRepository Initiating checkpoint of FlowFile Repository
2023-05-19 06:02:50,004 INFO [pool-10-thread-1] o.a.n.c.r.WriteAheadFlowFileRepository Successfully checkpointed FlowFile Repository with 24 records in 0 milliseconds
2023-05-19 06:02:59,707 INFO [Cleanup Archive for default] o.a.n.c.repository.FileSystemRepository Successfully deleted 0 files (0 bytes) from archive
2023-05-19 06:02:59,707 INFO [Cleanup Archive for default] o.a.n.c.repository.FileSystemRepository Archive cleanup completed for container default; will now allow writing to this container. Bytes used = 30.99 GB, bytes free = 8.99 GB, capacity = 39.98 GB
2023-05-19 06:03:10,005 INFO [pool-10-thread-1] o.a.n.c.r.WriteAheadFlowFileRepository Initiating checkpoint of FlowFile Repository
2023-05-19 06:03:10,005 INFO [pool-10-thread-1] o.a.n.c.r.WriteAheadFlowFileRepository Successfully checkpointed FlowFile Repository with 24 records in 0 milliseconds
2023-05-19 06:03:30,008 INFO [pool-10-thread-1] o.a.n.c.r.WriteAheadFlowFileRepository Initiating checkpoint of FlowFile Repository
2023-05-19 06:03:30,008 INFO [pool-10-thread-1] o.a.n.c.r.WriteAheadFlowFileRepository Successfully checkpointed FlowFile Repository with 24 records in 0 milliseconds
2023-05-19 06:03:50,009 INFO [pool-10-thread-1] o.a.n.c.r.WriteAheadFlowFileRepository Initiating checkpoint of FlowFile Repository
2023-05-19 06:03:50,009 INFO [pool-10-thread-1] o.a.n.c.r.WriteAheadFlowFileRepository Successfully checkpointed FlowFile Repository with 24 records in 0 milliseconds
2023-05-19 06:03:59,720 INFO [Cleanup Archive for default] o.a.n.c.repository.FileSystemRepository Successfully deleted 0 files (0 bytes) from archive
2023-05-19 06:03:59,721 INFO [Cleanup Archive for default] o.a.n.c.repository.FileSystemRepository Archive cleanup completed for container default; will now allow writing to this container. Bytes used = 30.99 GB, bytes free = 8.99 GB, capacity = 39.98 GB
2023-05-19 06:04:10,011 INFO [pool-10-thread-1] o.a.n.c.r.WriteAheadFlowFileRepository Initiating checkpoint of FlowFile Repository
2023-05-19 06:04:10,011 INFO [pool-10-thread-1] o.a.n.c.r.WriteAheadFlowFileRepository Successfully checkpointed FlowFile Repository with 24 records in 0 milliseconds
2023-05-19 06:04:30,011 INFO [pool-10-thread-1] o.a.n.c.r.WriteAheadFlowFileRepository Initiating checkpoint of FlowFile Repository
2023-05-19 06:04:30,012 INFO [pool-10-thread-1] o.a.n.c.r.WriteAheadFlowFileRepository Successfully checkpointed FlowFile Repository with 24 records in 0 milliseconds
2023-05-19 06:04:48,035 INFO [Write-Ahead Local State Provider Maintenance] org.wali.MinimalLockingWriteAheadLog org.wali.MinimalLockingWriteAheadLog@128c7b5b checkpointed with 16 Records and 0 Swap Files in 48 milliseconds (Stop-the-world time = 6 milliseconds, Clear Edit Logs time = 3 millis), max Transaction ID 149
2023-05-19 06:04:50,014 INFO [pool-10-thread-1] o.a.n.c.r.WriteAheadFlowFileRepository Initiating checkpoint of FlowFile Repository
2023-05-19 06:04:50,015 INFO [pool-10-thread-1] o.a.n.c.r.WriteAheadFlowFileRepository Successfully checkpointed FlowFile Repository with 24 records in 0 milliseconds
2023-05-19 06:04:59,741 INFO [Cleanup Archive for default] o.a.n.c.repository.FileSystemRepository Successfully deleted 0 files (0 bytes) from archive
2023-05-19 06:04:59,742 INFO [Cleanup Archive for default] o.a.n.c.repository.FileSystemRepository Archive cleanup completed for container default; will now allow writing to this container. Bytes used = 30.99 GB, bytes free = 8.99 GB, capacity = 39.98 GB
2023-05-19 06:05:10,015 INFO [pool-10-thread-1] o.a.n.c.r.WriteAheadFlowFileRepository Initiating checkpoint of FlowFile Repository
2023-05-19 06:05:10,015 INFO [pool-10-thread-1] o.a.n.c.r.WriteAheadFlowFileRepository Successfully checkpointed FlowFile Repository with 24 records in 0 milliseconds
2023-05-19 06:05:30,018 INFO [pool-10-thread-1] o.a.n.c.r.WriteAheadFlowFileRepository Initiating checkpoint of FlowFile Repository
2023-05-19 06:05:30,019 INFO [pool-10-thread-1] o.a.n.c.r.WriteAheadFlowFileRepository Successfully checkpointed FlowFile Repository with 24 records in 0 milliseconds
2023-05-19 06:05:50,019 INFO [pool-10-thread-1] o.a.n.c.r.WriteAheadFlowFileRepository Initiating checkpoint of FlowFile Repository
2023-05-19 06:05:50,023 INFO [pool-10-thread-1] o.a.n.c.r.WriteAheadFlowFileRepository Successfully checkpointed FlowFile Repository with 24 records in 0 milliseconds
2023-05-19 06:05:59,768 INFO [Cleanup Archive for default] o.a.n.c.repository.FileSystemRepository Successfully deleted 0 files (0 bytes) from archive
2023-05-19 06:05:59,777 INFO [Cleanup Archive for default] o.a.n.c.repository.FileSystemRepository Archive cleanup completed for container default; will now allow writing to this container. Bytes used = 30.99 GB, bytes free = 8.99 GB, capacity = 39.98 GB
2023-05-19 06:06:10,024 INFO [pool-10-thread-1] o.a.n.c.r.WriteAheadFlowFileRepository Initiating checkpoint of FlowFile Repository
2023-05-19 06:06:10,025 INFO [pool-10-thread-1] o.a.n.c.r.WriteAheadFlowFileRepository Successfully checkpointed FlowFile Repository with 24 records in 0 milliseconds
2023-05-19 06:06:30,025 INFO [pool-10-thread-1] o.a.n.c.r.WriteAheadFlowFileRepository Initiating checkpoint of FlowFile Repository
2023-05-19 06:06:30,026 INFO [pool-10-thread-1] o.a.n.c.r.WriteAheadFlowFileRepository Successfully checkpointed FlowFile Repository with 24 records in 0 milliseconds
2023-05-19 06:06:48,237 INFO [Write-Ahead Local State Provider Maintenance] org.wali.MinimalLockingWriteAheadLog org.wali.MinimalLockingWriteAheadLog@128c7b5b checkpointed with 16 Records and 0 Swap Files in 201 milliseconds (Stop-the-world time = 6 milliseconds, Clear Edit Logs time = 5 millis), max Transaction ID 149
2023-05-19 06:06:50,029 INFO [pool-10-thread-1] o.a.n.c.r.WriteAheadFlowFileRepository Initiating checkpoint of FlowFile Repository
2023-05-19 06:06:50,029 INFO [pool-10-thread-1] o.a.n.c.r.WriteAheadFlowFileRepository Successfully checkpointed FlowFile Repository with 24 records in 0 milliseconds
2023-05-19 06:06:59,789 INFO [Cleanup Archive for default] o.a.n.c.repository.FileSystemRepository Successfully deleted 0 files (0 bytes) from archive
2023-05-19 06:06:59,790 INFO [Cleanup Archive for default] o.a.n.c.repository.FileSystemRepository Archive cleanup completed for container default; will now allow writing to this container. Bytes used = 30.99 GB, bytes free = 8.99 GB, capacity = 39.98 GB
2023-05-19 06:07:10,030 INFO [pool-10-thread-1] o.a.n.c.r.WriteAheadFlowFileRepository Initiating checkpoint of FlowFile Repository
2023-05-19 06:07:10,030 INFO [pool-10-thread-1] o.a.n.c.r.WriteAheadFlowFileRepository Successfully checkpointed FlowFile Repository with 24 records in 0 milliseconds
2023-05-19 06:07:30,030 INFO [pool-10-thread-1] o.a.n.c.r.WriteAheadFlowFileRepository Initiating checkpoint of FlowFile Repository
2023-05-19 06:07:30,030 INFO [pool-10-thread-1] o.a.n.c.r.WriteAheadFlowFileRepository Successfully checkpointed FlowFile Repository with 24 records in 0 milliseconds
2023-05-19 06:07:50,032 INFO [pool-10-thread-1] o.a.n.c.r.WriteAheadFlowFileRepository Initiating checkpoint of FlowFile Repository
2023-05-19 06:07:50,032 INFO [pool-10-thread-1] o.a.n.c.r.WriteAheadFlowFileRepository Successfully checkpointed FlowFile Repository with 24 records in 0 milliseconds
2023-05-19 06:07:59,803 INFO [Cleanup Archive for default] o.a.n.c.repository.FileSystemRepository Successfully deleted 0 files (0 bytes) from archive
2023-05-19 06:07:59,816 INFO [Cleanup Archive for default] o.a.n.c.repository.FileSystemRepository Archive cleanup completed for container default; will now allow writing to this container. Bytes used = 30.99 GB, bytes free = 8.99 GB, capacity = 39.98 GB
2023-05-19 06:08:10,032 INFO [pool-10-thread-1] o.a.n.c.r.WriteAheadFlowFileRepository Initiating checkpoint of FlowFile Repository
2023-05-19 06:08:10,033 INFO [pool-10-thread-1] o.a.n.c.r.WriteAheadFlowFileRepository Successfully checkpointed FlowFile Repository with 24 records in 0 milliseconds
2023-05-19 06:08:30,033 INFO [pool-10-thread-1] o.a.n.c.r.WriteAheadFlowFileRepository Initiating checkpoint of FlowFile Repository
2023-05-19 06:08:30,034 INFO [pool-10-thread-1] o.a.n.c.r.WriteAheadFlowFileRepository Successfully checkpointed FlowFile Repository with 24 records in 0 milliseconds
2023-05-19 06:08:48,273 INFO [Write-Ahead Local State Provider Maintenance] org.wali.MinimalLockingWriteAheadLog org.wali.MinimalLockingWriteAheadLog@128c7b5b checkpointed with 16 Records and 0 Swap Files in 33 milliseconds (Stop-the-world time = 6 milliseconds, Clear Edit Logs time = 7 millis), max Transaction ID 149
2023-05-19 06:08:50,035 INFO [pool-10-thread-1] o.a.n.c.r.WriteAheadFlowFileRepository Initiating checkpoint of FlowFile Repository
2023-05-19 06:08:50,035 INFO [pool-10-thread-1] o.a.n.c.r.WriteAheadFlowFileRepository Successfully checkpointed FlowFile Repository with 24 records in 0 milliseconds
2023-05-19 06:08:59,832 INFO [Cleanup Archive for default] o.a.n.c.repository.FileSystemRepository Successfully deleted 0 files (0 bytes) from archive
2023-05-19 06:08:59,834 INFO [Cleanup Archive for default] o.a.n.c.repository.FileSystemRepository Archive cleanup completed for container default; will now allow writing to this container. Bytes used = 30.99 GB, bytes free = 8.99 GB, capacity = 39.98 GB
2023-05-19 06:09:10,035 INFO [pool-10-thread-1] o.a.n.c.r.WriteAheadFlowFileRepository Initiating checkpoint of FlowFile Repository
2023-05-19 06:09:10,035 INFO [pool-10-thread-1] o.a.n.c.r.WriteAheadFlowFileRepository Successfully checkpointed FlowFile Repository with 24 records in 0 milliseconds
2023-05-19 06:09:30,036 INFO [pool-10-thread-1] o.a.n.c.r.WriteAheadFlowFileRepository Initiating checkpoint of FlowFile Repository
2023-05-19 06:09:30,037 INFO [pool-10-thread-1] o.a.n.c.r.WriteAheadFlowFileRepository Successfully checkpointed FlowFile Repository with 24 records in 0 milliseconds
2023-05-19 06:09:50,039 INFO [pool-10-thread-1] o.a.n.c.r.WriteAheadFlowFileRepository Initiating checkpoint of FlowFile Repository
2023-05-19 06:09:50,039 INFO [pool-10-thread-1] o.a.n.c.r.WriteAheadFlowFileRepository Successfully checkpointed FlowFile Repository with 24 records in 0 milliseconds
2023-05-19 06:09:59,854 INFO [Cleanup Archive for default] o.a.n.c.repository.FileSystemRepository Successfully deleted 0 files (0 bytes) from archive
2023-05-19 06:09:59,864 INFO [Cleanup Archive for default] o.a.n.c.repository.FileSystemRepository Archive cleanup completed for container default; will now allow writing to this container. Bytes used = 30.99 GB, bytes free = 8.99 GB, capacity = 39.98 GB
2023-05-19 06:10:10,040 INFO [pool-10-thread-1] o.a.n.c.r.WriteAheadFlowFileRepository Initiating checkpoint of FlowFile Repository
2023-05-19 06:10:10,040 INFO [pool-10-thread-1] o.a.n.c.r.WriteAheadFlowFileRepository Successfully checkpointed FlowFile Repository with 24 records in 0 milliseconds
2023-05-19 06:10:30,041 INFO [pool-10-thread-1] o.a.n.c.r.WriteAheadFlowFileRepository Initiating checkpoint of FlowFile Repository
2023-05-19 06:10:30,041 INFO [pool-10-thread-1] o.a.n.c.r.WriteAheadFlowFileRepository Successfully checkpointed FlowFile Repository with 24 records in 0 milliseconds
2023-05-19 06:10:48,298 INFO [Write-Ahead Local State Provider Maintenance] org.wali.MinimalLockingWriteAheadLog org.wali.MinimalLockingWriteAheadLog@128c7b5b checkpointed with 16 Records and 0 Swap Files in 22 milliseconds (Stop-the-world time = 8 milliseconds, Clear Edit Logs time = 7 millis), max Transaction ID 149
2023-05-19 06:10:50,042 INFO [pool-10-thread-1] o.a.n.c.r.WriteAheadFlowFileRepository Initiating checkpoint of FlowFile Repository
2023-05-19 06:10:50,042 INFO [pool-10-thread-1] o.a.n.c.r.WriteAheadFlowFileRepository Successfully checkpointed FlowFile Repository with 24 records in 0 milliseconds
2023-05-19 06:10:59,882 INFO [Cleanup Archive for default] o.a.n.c.repository.FileSystemRepository Successfully deleted 0 files (0 bytes) from archive
2023-05-19 06:10:59,882 INFO [Cleanup Archive for default] o.a.n.c.repository.FileSystemRepository Archive cleanup completed for container default; will now allow writing to this container. Bytes used = 30.99 GB, bytes free = 8.99 GB, capacity = 39.98 GB
2023-05-19 06:11:10,042 INFO [pool-10-thread-1] o.a.n.c.r.WriteAheadFlowFileRepository Initiating checkpoint of FlowFile Repository
2023-05-19 06:11:10,042 INFO [pool-10-thread-1] o.a.n.c.r.WriteAheadFlowFileRepository Successfully checkpointed FlowFile Repository with 24 records in 0 milliseconds
2023-05-19 06:11:30,043 INFO [pool-10-thread-1] o.a.n.c.r.WriteAheadFlowFileRepository Initiating checkpoint of FlowFile Repository
2023-05-19 06:11:30,043 INFO [pool-10-thread-1] o.a.n.c.r.WriteAheadFlowFileRepository Successfully checkpointed FlowFile Repository with 24 records in 0 milliseconds
2023-05-19 06:11:50,045 INFO [pool-10-thread-1] o.a.n.c.r.WriteAheadFlowFileRepository Initiating checkpoint of FlowFile Repository
2023-05-19 06:11:50,045 INFO [pool-10-thread-1] o.a.n.c.r.WriteAheadFlowFileRepository Successfully checkpointed FlowFile Repository with 24 records in 0 milliseconds
2023-05-19 06:11:59,898 INFO [Cleanup Archive for default] o.a.n.c.repository.FileSystemRepository Successfully deleted 0 files (0 bytes) from archive
2023-05-19 06:11:59,899 INFO [Cleanup Archive for default] o.a.n.c.repository.FileSystemRepository Archive cleanup completed for container default; will now allow writing to this container. Bytes used = 30.99 GB, bytes free = 8.99 GB, capacity = 39.98 GB
2023-05-19 06:12:10,047 INFO [pool-10-thread-1] o.a.n.c.r.WriteAheadFlowFileRepository Initiating checkpoint of FlowFile Repository
2023-05-19 06:12:10,047 INFO [pool-10-thread-1] o.a.n.c.r.WriteAheadFlowFileRepository Successfully checkpointed FlowFile Repository with 24 records in 0 milliseconds
2023-05-19 06:12:30,048 INFO [pool-10-thread-1] o.a.n.c.r.WriteAheadFlowFileRepository Initiating checkpoint of FlowFile Repository
2023-05-19 06:12:30,048 INFO [pool-10-thread-1] o.a.n.c.r.WriteAheadFlowFileRepository Successfully checkpointed FlowFile Repository with 24 records in 0 milliseconds
2023-05-19 06:12:48,392 INFO [Write-Ahead Local State Provider Maintenance] org.wali.MinimalLockingWriteAheadLog org.wali.MinimalLockingWriteAheadLog@128c7b5b checkpointed with 16 Records and 0 Swap Files in 92 milliseconds (Stop-the-world time = 6 milliseconds, Clear Edit Logs time = 9 millis), max Transaction ID 149
2023-05-19 06:12:50,049 INFO [pool-10-thread-1] o.a.n.c.r.WriteAheadFlowFileRepository Initiating checkpoint of FlowFile Repository
2023-05-19 06:12:50,049 INFO [pool-10-thread-1] o.a.n.c.r.WriteAheadFlowFileRepository Successfully checkpointed FlowFile Repository with 24 records in 0 milliseconds
2023-05-19 06:12:59,912 INFO [Cleanup Archive for default] o.a.n.c.repository.FileSystemRepository Successfully deleted 0 files (0 bytes) from archive
2023-05-19 06:12:59,913 INFO [Cleanup Archive for default] o.a.n.c.repository.FileSystemRepository Archive cleanup completed for container default; will now allow writing to this container. Bytes used = 30.99 GB, bytes free = 8.99 GB, capacity = 39.98 GB
2023-05-19 06:13:10,050 INFO [pool-10-thread-1] o.a.n.c.r.WriteAheadFlowFileRepository Initiating checkpoint of FlowFile Repository
2023-05-19 06:13:10,050 INFO [pool-10-thread-1] o.a.n.c.r.WriteAheadFlowFileRepository Successfully checkpointed FlowFile Repository with 24 records in 0 milliseconds
2023-05-19 06:13:30,057 INFO [pool-10-thread-1] o.a.n.c.r.WriteAheadFlowFileRepository Initiating checkpoint of FlowFile Repository
2023-05-19 06:13:30,058 INFO [pool-10-thread-1] o.a.n.c.r.WriteAheadFlowFileRepository Successfully checkpointed FlowFile Repository with 24 records in 0 milliseconds
2023-05-19 06:13:50,060 INFO [pool-10-thread-1] o.a.n.c.r.WriteAheadFlowFileRepository Initiating checkpoint of FlowFile Repository
2023-05-19 06:13:50,060 INFO [pool-10-thread-1] o.a.n.c.r.WriteAheadFlowFileRepository Successfully checkpointed FlowFile Repository with 24 records in 0 milliseconds
2023-05-19 06:13:59,927 INFO [Cleanup Archive for default] o.a.n.c.repository.FileSystemRepository Successfully deleted 0 files (0 bytes) from archive
2023-05-19 06:13:59,928 INFO [Cleanup Archive for default] o.a.n.c.repository.FileSystemRepository Archive cleanup completed for container default; will now allow writing to this container. Bytes used = 30.99 GB, bytes free = 8.99 GB, capacity = 39.98 GB
2023-05-19 06:14:10,062 INFO [pool-10-thread-1] o.a.n.c.r.WriteAheadFlowFileRepository Initiating checkpoint of FlowFile Repository
2023-05-19 06:14:10,062 INFO [pool-10-thread-1] o.a.n.c.r.WriteAheadFlowFileRepository Successfully checkpointed FlowFile Repository with 24 records in 0 milliseconds
2023-05-19 06:14:30,062 INFO [pool-10-thread-1] o.a.n.c.r.WriteAheadFlowFileRepository Initiating checkpoint of FlowFile Repository
2023-05-19 06:14:30,063 INFO [pool-10-thread-1] o.a.n.c.r.WriteAheadFlowFileRepository Successfully checkpointed FlowFile Repository with 24 records in 0 milliseconds
2023-05-19 06:14:48,413 INFO [Write-Ahead Local State Provider Maintenance] org.wali.MinimalLockingWriteAheadLog org.wali.MinimalLockingWriteAheadLog@128c7b5b checkpointed with 16 Records and 0 Swap Files in 21 milliseconds (Stop-the-world time = 6 milliseconds, Clear Edit Logs time = 7 millis), max Transaction ID 149
2023-05-19 06:14:50,070 INFO [pool-10-thread-1] o.a.n.c.r.WriteAheadFlowFileRepository Initiating checkpoint of FlowFile Repository
2023-05-19 06:14:50,070 INFO [pool-10-thread-1] o.a.n.c.r.WriteAheadFlowFileRepository Successfully checkpointed FlowFile Repository with 24 records in 0 milliseconds
2023-05-19 06:14:59,933 INFO [Cleanup Archive for default] o.a.n.c.repository.FileSystemRepository Successfully deleted 0 files (0 bytes) from archive
2023-05-19 06:14:59,934 INFO [Cleanup Archive for default] o.a.n.c.repository.FileSystemRepository Archive cleanup completed for container default; will now allow writing to this container. Bytes used = 30.99 GB, bytes free = 8.99 GB, capacity = 39.98 GB
2023-05-19 06:15:10,072 INFO [pool-10-thread-1] o.a.n.c.r.WriteAheadFlowFileRepository Initiating checkpoint of FlowFile Repository
2023-05-19 06:15:10,072 INFO [pool-10-thread-1] o.a.n.c.r.WriteAheadFlowFileRepository Successfully checkpointed FlowFile Repository with 24 records in 0 milliseconds
2023-05-19 06:15:30,078 INFO [pool-10-thread-1] o.a.n.c.r.WriteAheadFlowFileRepository Initiating checkpoint of FlowFile Repository
2023-05-19 06:15:30,078 INFO [pool-10-thread-1] o.a.n.c.r.WriteAheadFlowFileRepository Successfully checkpointed FlowFile Repository with 24 records in 0 milliseconds
2023-05-19 06:15:50,078 INFO [pool-10-thread-1] o.a.n.c.r.WriteAheadFlowFileRepository Initiating checkpoint of FlowFile Repository
2023-05-19 06:15:50,078 INFO [pool-10-thread-1] o.a.n.c.r.WriteAheadFlowFileRepository Successfully checkpointed FlowFile Repository with 24 records in 0 milliseconds
2023-05-19 06:15:59,947 INFO [Cleanup Archive for default] o.a.n.c.repository.FileSystemRepository Successfully deleted 0 files (0 bytes) from archive
2023-05-19 06:15:59,947 INFO [Cleanup Archive for default] o.a.n.c.repository.FileSystemRepository Archive cleanup completed for container default; will now allow writing to this container. Bytes used = 30.99 GB, bytes free = 8.99 GB, capacity = 39.98 GB
2023-05-19 06:16:10,080 INFO [pool-10-thread-1] o.a.n.c.r.WriteAheadFlowFileRepository Initiating checkpoint of FlowFile Repository
2023-05-19 06:16:10,081 INFO [pool-10-thread-1] o.a.n.c.r.WriteAheadFlowFileRepository Successfully checkpointed FlowFile Repository with 24 records in 0 milliseconds
2023-05-19 06:16:30,090 INFO [pool-10-thread-1] o.a.n.c.r.WriteAheadFlowFileRepository Initiating checkpoint of FlowFile Repository
2023-05-19 06:16:30,090 INFO [pool-10-thread-1] o.a.n.c.r.WriteAheadFlowFileRepository Successfully checkpointed FlowFile Repository with 24 records in 0 milliseconds
2023-05-19 06:16:48,428 INFO [Write-Ahead Local State Provider Maintenance] org.wali.MinimalLockingWriteAheadLog org.wali.MinimalLockingWriteAheadLog@128c7b5b checkpointed with 16 Records and 0 Swap Files in 13 milliseconds (Stop-the-world time = 3 milliseconds, Clear Edit Logs time = 6 millis), max Transaction ID 149
2023-05-19 06:16:50,094 INFO [pool-10-thread-1] o.a.n.c.r.WriteAheadFlowFileRepository Initiating checkpoint of FlowFile Repository
2023-05-19 06:16:50,095 INFO [pool-10-thread-1] o.a.n.c.r.WriteAheadFlowFileRepository Successfully checkpointed FlowFile Repository with 24 records in 0 milliseconds
2023-05-19 06:16:59,954 INFO [Cleanup Archive for default] o.a.n.c.repository.FileSystemRepository Successfully deleted 0 files (0 bytes) from archive
2023-05-19 06:16:59,955 INFO [Cleanup Archive for default] o.a.n.c.repository.FileSystemRepository Archive cleanup completed for container default; will now allow writing to this container. Bytes used = 30.99 GB, bytes free = 8.99 GB, capacity = 39.98 GB
2023-05-19 06:17:10,096 INFO [pool-10-thread-1] o.a.n.c.r.WriteAheadFlowFileRepository Initiating checkpoint of FlowFile Repository
2023-05-19 06:17:10,096 INFO [pool-10-thread-1] o.a.n.c.r.WriteAheadFlowFileRepository Successfully checkpointed FlowFile Repository with 24 records in 0 milliseconds
2023-05-19 06:17:30,097 INFO [pool-10-thread-1] o.a.n.c.r.WriteAheadFlowFileRepository Initiating checkpoint of FlowFile Repository
2023-05-19 06:17:30,097 INFO [pool-10-thread-1] o.a.n.c.r.WriteAheadFlowFileRepository Successfully checkpointed FlowFile Repository with 24 records in 0 milliseconds
2023-05-19 06:17:50,098 INFO [pool-10-thread-1] o.a.n.c.r.WriteAheadFlowFileRepository Initiating checkpoint of FlowFile Repository
2023-05-19 06:17:50,098 INFO [pool-10-thread-1] o.a.n.c.r.WriteAheadFlowFileRepository Successfully checkpointed FlowFile Repository with 24 records in 0 milliseconds
2023-05-19 06:17:59,969 INFO [Cleanup Archive for default] o.a.n.c.repository.FileSystemRepository Successfully deleted 0 files (0 bytes) from archive
2023-05-19 06:17:59,976 INFO [Cleanup Archive for default] o.a.n.c.repository.FileSystemRepository Archive cleanup completed for container default; will now allow writing to this container. Bytes used = 30.99 GB, bytes free = 8.99 GB, capacity = 39.98 GB
2023-05-19 06:18:10,098 INFO [pool-10-thread-1] o.a.n.c.r.WriteAheadFlowFileRepository Initiating checkpoint of FlowFile Repository
2023-05-19 06:18:10,098 INFO [pool-10-thread-1] o.a.n.c.r.WriteAheadFlowFileRepository Successfully checkpointed FlowFile Repository with 24 records in 0 milliseconds
2023-05-19 06:18:30,100 INFO [pool-10-thread-1] o.a.n.c.r.WriteAheadFlowFileRepository Initiating checkpoint of FlowFile Repository
2023-05-19 06:18:30,100 INFO [pool-10-thread-1] o.a.n.c.r.WriteAheadFlowFileRepository Successfully checkpointed FlowFile Repository with 24 records in 0 milliseconds
2023-05-19 06:18:48,452 INFO [Write-Ahead Local State Provider Maintenance] org.wali.MinimalLockingWriteAheadLog org.wali.MinimalLockingWriteAheadLog@128c7b5b checkpointed with 16 Records and 0 Swap Files in 22 milliseconds (Stop-the-world time = 7 milliseconds, Clear Edit Logs time = 7 millis), max Transaction ID 149
2023-05-19 06:18:50,101 INFO [pool-10-thread-1] o.a.n.c.r.WriteAheadFlowFileRepository Initiating checkpoint of FlowFile Repository
2023-05-19 06:18:50,101 INFO [pool-10-thread-1] o.a.n.c.r.WriteAheadFlowFileRepository Successfully checkpointed FlowFile Repository with 24 records in 0 milliseconds
2023-05-19 06:18:59,985 INFO [Cleanup Archive for default] o.a.n.c.repository.FileSystemRepository Successfully deleted 0 files (0 bytes) from archive
2023-05-19 06:18:59,986 INFO [Cleanup Archive for default] o.a.n.c.repository.FileSystemRepository Archive cleanup completed for container default; will now allow writing to this container. Bytes used = 30.99 GB, bytes free = 8.99 GB, capacity = 39.98 GB
2023-05-19 06:19:10,103 INFO [pool-10-thread-1] o.a.n.c.r.WriteAheadFlowFileRepository Initiating checkpoint of FlowFile Repository
2023-05-19 06:19:10,103 INFO [pool-10-thread-1] o.a.n.c.r.WriteAheadFlowFileRepository Successfully checkpointed FlowFile Repository with 24 records in 0 milliseconds
2023-05-19 06:19:30,105 INFO [pool-10-thread-1] o.a.n.c.r.WriteAheadFlowFileRepository Initiating checkpoint of FlowFile Repository
2023-05-19 06:19:30,105 INFO [pool-10-thread-1] o.a.n.c.r.WriteAheadFlowFileRepository Successfully checkpointed FlowFile Repository with 24 records in 0 milliseconds
2023-05-19 06:19:50,105 INFO [pool-10-thread-1] o.a.n.c.r.WriteAheadFlowFileRepository Initiating checkpoint of FlowFile Repository
2023-05-19 06:19:50,105 INFO [pool-10-thread-1] o.a.n.c.r.WriteAheadFlowFileRepository Successfully checkpointed FlowFile Repository with 24 records in 0 milliseconds
2023-05-19 06:20:00,015 INFO [Cleanup Archive for default] o.a.n.c.repository.FileSystemRepository Successfully deleted 0 files (0 bytes) from archive
2023-05-19 06:20:00,016 INFO [Cleanup Archive for default] o.a.n.c.repository.FileSystemRepository Archive cleanup completed for container default; will now allow writing to this container. Bytes used = 30.99 GB, bytes free = 8.99 GB, capacity = 39.98 GB
2023-05-19 06:20:10,106 INFO [pool-10-thread-1] o.a.n.c.r.WriteAheadFlowFileRepository Initiating checkpoint of FlowFile Repository
2023-05-19 06:20:10,106 INFO [pool-10-thread-1] o.a.n.c.r.WriteAheadFlowFileRepository Successfully checkpointed FlowFile Repository with 24 records in 0 milliseconds
2023-05-19 06:20:30,107 INFO [pool-10-thread-1] o.a.n.c.r.WriteAheadFlowFileRepository Initiating checkpoint of FlowFile Repository
2023-05-19 06:20:30,107 INFO [pool-10-thread-1] o.a.n.c.r.WriteAheadFlowFileRepository Successfully checkpointed FlowFile Repository with 24 records in 0 milliseconds
2023-05-19 06:20:48,470 INFO [Write-Ahead Local State Provider Maintenance] org.wali.MinimalLockingWriteAheadLog org.wali.MinimalLockingWriteAheadLog@128c7b5b checkpointed with 16 Records and 0 Swap Files in 15 milliseconds (Stop-the-world time = 4 milliseconds, Clear Edit Logs time = 4 millis), max Transaction ID 149
2023-05-19 06:20:50,107 INFO [pool-10-thread-1] o.a.n.c.r.WriteAheadFlowFileRepository Initiating checkpoint of FlowFile Repository
2023-05-19 06:20:50,107 INFO [pool-10-thread-1] o.a.n.c.r.WriteAheadFlowFileRepository Successfully checkpointed FlowFile Repository with 24 records in 0 milliseconds
2023-05-19 06:21:00,030 INFO [Cleanup Archive for default] o.a.n.c.repository.FileSystemRepository Successfully deleted 0 files (0 bytes) from archive
2023-05-19 06:21:00,030 INFO [Cleanup Archive for default] o.a.n.c.repository.FileSystemRepository Archive cleanup completed for container default; will now allow writing to this container. Bytes used = 30.99 GB, bytes free = 8.99 GB, capacity = 39.98 GB
2023-05-19 06:21:10,110 INFO [pool-10-thread-1] o.a.n.c.r.WriteAheadFlowFileRepository Initiating checkpoint of FlowFile Repository
2023-05-19 06:21:10,110 INFO [pool-10-thread-1] o.a.n.c.r.WriteAheadFlowFileRepository Successfully checkpointed FlowFile Repository with 24 records in 0 milliseconds
2023-05-19 06:21:30,111 INFO [pool-10-thread-1] o.a.n.c.r.WriteAheadFlowFileRepository Initiating checkpoint of FlowFile Repository
2023-05-19 06:21:30,111 INFO [pool-10-thread-1] o.a.n.c.r.WriteAheadFlowFileRepository Successfully checkpointed FlowFile Repository with 24 records in 0 milliseconds
2023-05-19 06:21:50,112 INFO [pool-10-thread-1] o.a.n.c.r.WriteAheadFlowFileRepository Initiating checkpoint of FlowFile Repository
2023-05-19 06:21:50,112 INFO [pool-10-thread-1] o.a.n.c.r.WriteAheadFlowFileRepository Successfully checkpointed FlowFile Repository with 24 records in 0 milliseconds
2023-05-19 06:22:00,035 INFO [Cleanup Archive for default] o.a.n.c.repository.FileSystemRepository Successfully deleted 0 files (0 bytes) from archive
2023-05-19 06:22:00,035 INFO [Cleanup Archive for default] o.a.n.c.repository.FileSystemRepository Archive cleanup completed for container default; will now allow writing to this container. Bytes used = 30.99 GB, bytes free = 8.99 GB, capacity = 39.98 GB
2023-05-19 06:22:02,040 INFO [NiFi Web Server-9624] org.apache.nifi.web.server.RequestLog 172.18.0.1 - - [19/May/2023:06:22:01 +0000] "GET /nifi-api/processors/058ea0d1-0187-1000-0000-000076af3593 HTTP/1.1" 200 4505 "http://localhost:8091/nifi/?processGroupId=root&componentIds=058ea0d1-0187-1000-0000-000076af3593" "Mozilla/5.0 (X11; Ubuntu; Linux x86_64; rv:109.0) Gecko/20100101 Firefox/113.0"
2023-05-19 06:22:02,044 INFO [NiFi Web Server-9418] org.apache.nifi.web.server.RequestLog 172.18.0.1 - - [19/May/2023:06:22:01 +0000] "GET /nifi-api/flow/history/components/058ea0d1-0187-1000-0000-000076af3593 HTTP/1.1" 200 376 "http://localhost:8091/nifi/?processGroupId=root&componentIds=058ea0d1-0187-1000-0000-000076af3593" "Mozilla/5.0 (X11; Ubuntu; Linux x86_64; rv:109.0) Gecko/20100101 Firefox/113.0"
2023-05-19 06:22:08,796 INFO [NiFi Web Server-9623] org.apache.nifi.web.server.RequestLog 172.18.0.1 - - [19/May/2023:06:22:08 +0000] "GET /nifi-api/controller-services/05f580b7-0187-1000-0000-00001487edaf?uiOnly=true HTTP/1.1" 200 4429 "http://localhost:8091/nifi/?processGroupId=root&componentIds=058ea0d1-0187-1000-0000-000076af3593" "Mozilla/5.0 (X11; Ubuntu; Linux x86_64; rv:109.0) Gecko/20100101 Firefox/113.0"
2023-05-19 06:22:08,857 INFO [NiFi Web Server-9418] org.apache.nifi.web.server.RequestLog 172.18.0.1 - - [19/May/2023:06:22:08 +0000] "GET /nifi-api/flow/cluster/summary HTTP/1.1" 200 97 "http://localhost:8091/nifi/?processGroupId=root&componentIds=058ea0d1-0187-1000-0000-000076af3593" "Mozilla/5.0 (X11; Ubuntu; Linux x86_64; rv:109.0) Gecko/20100101 Firefox/113.0"
2023-05-19 06:22:08,857 INFO [NiFi Web Server-9624] org.apache.nifi.web.server.RequestLog 172.18.0.1 - - [19/May/2023:06:22:08 +0000] "GET /nifi-api/flow/current-user HTTP/1.1" 200 366 "http://localhost:8091/nifi/?processGroupId=root&componentIds=058ea0d1-0187-1000-0000-000076af3593" "Mozilla/5.0 (X11; Ubuntu; Linux x86_64; rv:109.0) Gecko/20100101 Firefox/113.0"
2023-05-19 06:22:08,859 INFO [NiFi Web Server-8788] org.apache.nifi.web.server.RequestLog 172.18.0.1 - - [19/May/2023:06:22:08 +0000] "GET /nifi-api/flow/controller/bulletins HTTP/1.1" 200 109 "http://localhost:8091/nifi/?processGroupId=root&componentIds=058ea0d1-0187-1000-0000-000076af3593" "Mozilla/5.0 (X11; Ubuntu; Linux x86_64; rv:109.0) Gecko/20100101 Firefox/113.0"
2023-05-19 06:22:08,860 INFO [NiFi Web Server-9623] org.apache.nifi.web.server.RequestLog 172.18.0.1 - - [19/May/2023:06:22:08 +0000] "GET /nifi-api/flow/status HTTP/1.1" 200 213 "http://localhost:8091/nifi/?processGroupId=root&componentIds=058ea0d1-0187-1000-0000-000076af3593" "Mozilla/5.0 (X11; Ubuntu; Linux x86_64; rv:109.0) Gecko/20100101 Firefox/113.0"
2023-05-19 06:22:08,863 INFO [NiFi Web Server-9648] org.apache.nifi.web.server.RequestLog 172.18.0.1 - - [19/May/2023:06:22:08 +0000] "GET /nifi-api/flow/process-groups/f927a077-0186-1000-b650-c2d56ec1cebc?uiOnly=true HTTP/1.1" 200 5792 "http://localhost:8091/nifi/?processGroupId=root&componentIds=058ea0d1-0187-1000-0000-000076af3593" "Mozilla/5.0 (X11; Ubuntu; Linux x86_64; rv:109.0) Gecko/20100101 Firefox/113.0"
2023-05-19 06:22:09,230 INFO [NiFi Web Server-9274] org.apache.nifi.web.server.RequestLog 172.18.0.1 - - [19/May/2023:06:22:09 +0000] "GET /nifi-api/process-groups/f927a077-0186-1000-b650-c2d56ec1cebc?uiOnly=true HTTP/1.1" 200 709 "http://localhost:8091/nifi/" "Mozilla/5.0 (X11; Ubuntu; Linux x86_64; rv:109.0) Gecko/20100101 Firefox/113.0"
2023-05-19 06:22:09,248 INFO [NiFi Web Server-9613] org.apache.nifi.web.server.RequestLog 172.18.0.1 - - [19/May/2023:06:22:09 +0000] "GET /nifi-api/flow/process-groups/f927a077-0186-1000-b650-c2d56ec1cebc/controller-services?uiOnly=true HTTP/1.1" 200 10196 "http://localhost:8091/nifi/" "Mozilla/5.0 (X11; Ubuntu; Linux x86_64; rv:109.0) Gecko/20100101 Firefox/113.0"
2023-05-19 06:22:09,257 INFO [NiFi Web Server-9274] org.apache.nifi.web.server.RequestLog 172.18.0.1 - - [19/May/2023:06:22:09 +0000] "GET /nifi-api/flow/parameter-contexts HTTP/1.1" 200 73 "http://localhost:8091/nifi/" "Mozilla/5.0 (X11; Ubuntu; Linux x86_64; rv:109.0) Gecko/20100101 Firefox/113.0"
2023-05-19 06:22:10,113 INFO [pool-10-thread-1] o.a.n.c.r.WriteAheadFlowFileRepository Initiating checkpoint of FlowFile Repository
2023-05-19 06:22:10,113 INFO [pool-10-thread-1] o.a.n.c.r.WriteAheadFlowFileRepository Successfully checkpointed FlowFile Repository with 24 records in 0 milliseconds
2023-05-19 06:22:11,642 INFO [NiFi Web Server-9613] org.apache.nifi.web.server.RequestLog 172.18.0.1 - - [19/May/2023:06:22:11 +0000] "GET /nifi-docs/documentation?select=org.apache.nifi.csv.CSVReader&group=org.apache.nifi&artifact=nifi-record-serialization-services-nar&version=1.21.0 HTTP/1.1" 200 18924 "http://localhost:8091/nifi/" "Mozilla/5.0 (X11; Ubuntu; Linux x86_64; rv:109.0) Gecko/20100101 Firefox/113.0"
2023-05-19 06:22:11,748 INFO [NiFi Web Server-9274] org.apache.nifi.web.server.RequestLog 172.18.0.1 - - [19/May/2023:06:22:11 +0000] "GET /nifi-docs/js/application.js HTTP/1.1" 200 3719 "http://localhost:8091/nifi-docs/documentation?select=org.apache.nifi.csv.CSVReader&group=org.apache.nifi&artifact=nifi-record-serialization-services-nar&version=1.21.0" "Mozilla/5.0 (X11; Ubuntu; Linux x86_64; rv:109.0) Gecko/20100101 Firefox/113.0"
2023-05-19 06:22:12,237 INFO [NiFi Web Server-9613] org.apache.nifi.web.server.RequestLog 172.18.0.1 - - [19/May/2023:06:22:12 +0000] "GET /nifi-api/flow/about HTTP/1.1" 200 208 "http://localhost:8091/nifi-docs/documentation?select=org.apache.nifi.csv.CSVReader&group=org.apache.nifi&artifact=nifi-record-serialization-services-nar&version=1.21.0" "Mozilla/5.0 (X11; Ubuntu; Linux x86_64; rv:109.0) Gecko/20100101 Firefox/113.0"
2023-05-19 06:22:12,506 INFO [NiFi Web Server-9274] org.apache.nifi.web.server.RequestLog 172.18.0.1 - - [19/May/2023:06:22:12 +0000] "GET /nifi-docs/components/org.apache.nifi/nifi-record-serialization-services-nar/1.21.0/org.apache.nifi.csv.CSVReader/index.html HTTP/1.1" 200 4271 "http://localhost:8091/nifi-docs/documentation?select=org.apache.nifi.csv.CSVReader&group=org.apache.nifi&artifact=nifi-record-serialization-services-nar&version=1.21.0" "Mozilla/5.0 (X11; Ubuntu; Linux x86_64; rv:109.0) Gecko/20100101 Firefox/113.0"
2023-05-19 06:22:12,612 INFO [NiFi Web Server-9613] org.apache.nifi.web.server.RequestLog 172.18.0.1 - - [19/May/2023:06:22:12 +0000] "GET /nifi-docs/html/images/iconInfo.png HTTP/1.1" 200 562 "http://localhost:8091/nifi-docs/components/org.apache.nifi/nifi-record-serialization-services-nar/1.21.0/org.apache.nifi.csv.CSVReader/index.html" "Mozilla/5.0 (X11; Ubuntu; Linux x86_64; rv:109.0) Gecko/20100101 Firefox/113.0"
2023-05-19 06:22:23,056 INFO [NiFi Web Server-9274] org.apache.nifi.web.server.RequestLog 172.18.0.1 - - [19/May/2023:06:22:23 +0000] "GET /nifi-api/process-groups/f927a077-0186-1000-b650-c2d56ec1cebc?uiOnly=true HTTP/1.1" 200 709 "http://localhost:8091/nifi/" "Mozilla/5.0 (X11; Ubuntu; Linux x86_64; rv:109.0) Gecko/20100101 Firefox/113.0"
2023-05-19 06:22:23,096 INFO [NiFi Web Server-9613] org.apache.nifi.web.server.RequestLog 172.18.0.1 - - [19/May/2023:06:22:23 +0000] "GET /nifi-api/flow/process-groups/f927a077-0186-1000-b650-c2d56ec1cebc/controller-services?uiOnly=true HTTP/1.1" 200 10195 "http://localhost:8091/nifi/" "Mozilla/5.0 (X11; Ubuntu; Linux x86_64; rv:109.0) Gecko/20100101 Firefox/113.0"
2023-05-19 06:22:23,100 INFO [NiFi Web Server-9274] org.apache.nifi.web.server.RequestLog 172.18.0.1 - - [19/May/2023:06:22:23 +0000] "GET /nifi-api/flow/parameter-contexts HTTP/1.1" 200 73 "http://localhost:8091/nifi/" "Mozilla/5.0 (X11; Ubuntu; Linux x86_64; rv:109.0) Gecko/20100101 Firefox/113.0"
2023-05-19 06:22:30,117 INFO [pool-10-thread-1] o.a.n.c.r.WriteAheadFlowFileRepository Initiating checkpoint of FlowFile Repository
2023-05-19 06:22:30,117 INFO [pool-10-thread-1] o.a.n.c.r.WriteAheadFlowFileRepository Successfully checkpointed FlowFile Repository with 24 records in 0 milliseconds
2023-05-19 06:22:48,523 INFO [Write-Ahead Local State Provider Maintenance] org.wali.MinimalLockingWriteAheadLog org.wali.MinimalLockingWriteAheadLog@128c7b5b checkpointed with 16 Records and 0 Swap Files in 51 milliseconds (Stop-the-world time = 7 milliseconds, Clear Edit Logs time = 7 millis), max Transaction ID 149
2023-05-19 06:22:50,125 INFO [pool-10-thread-1] o.a.n.c.r.WriteAheadFlowFileRepository Initiating checkpoint of FlowFile Repository
2023-05-19 06:22:50,125 INFO [pool-10-thread-1] o.a.n.c.r.WriteAheadFlowFileRepository Successfully checkpointed FlowFile Repository with 24 records in 0 milliseconds
2023-05-19 06:23:00,044 INFO [Cleanup Archive for default] o.a.n.c.repository.FileSystemRepository Successfully deleted 0 files (0 bytes) from archive
2023-05-19 06:23:00,047 INFO [Cleanup Archive for default] o.a.n.c.repository.FileSystemRepository Archive cleanup completed for container default; will now allow writing to this container. Bytes used = 30.99 GB, bytes free = 8.99 GB, capacity = 39.98 GB
2023-05-19 06:23:10,127 INFO [pool-10-thread-1] o.a.n.c.r.WriteAheadFlowFileRepository Initiating checkpoint of FlowFile Repository
2023-05-19 06:23:10,127 INFO [pool-10-thread-1] o.a.n.c.r.WriteAheadFlowFileRepository Successfully checkpointed FlowFile Repository with 24 records in 0 milliseconds
2023-05-19 06:23:30,129 INFO [pool-10-thread-1] o.a.n.c.r.WriteAheadFlowFileRepository Initiating checkpoint of FlowFile Repository
2023-05-19 06:23:30,129 INFO [pool-10-thread-1] o.a.n.c.r.WriteAheadFlowFileRepository Successfully checkpointed FlowFile Repository with 24 records in 0 milliseconds
2023-05-19 06:23:50,132 INFO [pool-10-thread-1] o.a.n.c.r.WriteAheadFlowFileRepository Initiating checkpoint of FlowFile Repository
2023-05-19 06:23:50,132 INFO [pool-10-thread-1] o.a.n.c.r.WriteAheadFlowFileRepository Successfully checkpointed FlowFile Repository with 24 records in 0 milliseconds
2023-05-19 06:24:00,052 INFO [Cleanup Archive for default] o.a.n.c.repository.FileSystemRepository Successfully deleted 0 files (0 bytes) from archive
2023-05-19 06:24:00,053 INFO [Cleanup Archive for default] o.a.n.c.repository.FileSystemRepository Archive cleanup completed for container default; will now allow writing to this container. Bytes used = 30.99 GB, bytes free = 8.99 GB, capacity = 39.98 GB
2023-05-19 06:24:10,132 INFO [pool-10-thread-1] o.a.n.c.r.WriteAheadFlowFileRepository Initiating checkpoint of FlowFile Repository
2023-05-19 06:24:10,133 INFO [pool-10-thread-1] o.a.n.c.r.WriteAheadFlowFileRepository Successfully checkpointed FlowFile Repository with 24 records in 0 milliseconds
2023-05-19 06:24:30,142 INFO [pool-10-thread-1] o.a.n.c.r.WriteAheadFlowFileRepository Initiating checkpoint of FlowFile Repository
2023-05-19 06:24:30,143 INFO [pool-10-thread-1] o.a.n.c.r.WriteAheadFlowFileRepository Successfully checkpointed FlowFile Repository with 24 records in 0 milliseconds
2023-05-19 06:24:48,538 INFO [Write-Ahead Local State Provider Maintenance] org.wali.MinimalLockingWriteAheadLog org.wali.MinimalLockingWriteAheadLog@128c7b5b checkpointed with 16 Records and 0 Swap Files in 12 milliseconds (Stop-the-world time = 5 milliseconds, Clear Edit Logs time = 3 millis), max Transaction ID 149
2023-05-19 06:24:50,143 INFO [pool-10-thread-1] o.a.n.c.r.WriteAheadFlowFileRepository Initiating checkpoint of FlowFile Repository
2023-05-19 06:24:50,144 INFO [pool-10-thread-1] o.a.n.c.r.WriteAheadFlowFileRepository Successfully checkpointed FlowFile Repository with 24 records in 0 milliseconds
2023-05-19 06:25:00,059 INFO [Cleanup Archive for default] o.a.n.c.repository.FileSystemRepository Successfully deleted 0 files (0 bytes) from archive
2023-05-19 06:25:00,059 INFO [Cleanup Archive for default] o.a.n.c.repository.FileSystemRepository Archive cleanup completed for container default; will now allow writing to this container. Bytes used = 30.99 GB, bytes free = 8.99 GB, capacity = 39.98 GB
2023-05-19 06:25:10,144 INFO [pool-10-thread-1] o.a.n.c.r.WriteAheadFlowFileRepository Initiating checkpoint of FlowFile Repository
2023-05-19 06:25:10,145 INFO [pool-10-thread-1] o.a.n.c.r.WriteAheadFlowFileRepository Successfully checkpointed FlowFile Repository with 24 records in 0 milliseconds
2023-05-19 06:25:30,145 INFO [pool-10-thread-1] o.a.n.c.r.WriteAheadFlowFileRepository Initiating checkpoint of FlowFile Repository
2023-05-19 06:25:30,145 INFO [pool-10-thread-1] o.a.n.c.r.WriteAheadFlowFileRepository Successfully checkpointed FlowFile Repository with 24 records in 0 milliseconds
2023-05-19 06:25:50,146 INFO [pool-10-thread-1] o.a.n.c.r.WriteAheadFlowFileRepository Initiating checkpoint of FlowFile Repository
2023-05-19 06:25:50,146 INFO [pool-10-thread-1] o.a.n.c.r.WriteAheadFlowFileRepository Successfully checkpointed FlowFile Repository with 24 records in 0 milliseconds
2023-05-19 06:28:24,598 INFO [Cleanup Archive for default] o.a.n.c.repository.FileSystemRepository Successfully deleted 0 files (0 bytes) from archive
2023-05-19 06:28:24,601 INFO [Cleanup Archive for default] o.a.n.c.repository.FileSystemRepository Archive cleanup completed for container default; will now allow writing to this container. Bytes used = 30.99 GB, bytes free = 8.99 GB, capacity = 39.98 GB
2023-05-19 06:28:34,669 INFO [pool-10-thread-1] o.a.n.c.r.WriteAheadFlowFileRepository Initiating checkpoint of FlowFile Repository
2023-05-19 06:28:34,669 INFO [pool-10-thread-1] o.a.n.c.r.WriteAheadFlowFileRepository Successfully checkpointed FlowFile Repository with 24 records in 0 milliseconds
2023-05-19 06:28:54,672 INFO [pool-10-thread-1] o.a.n.c.r.WriteAheadFlowFileRepository Initiating checkpoint of FlowFile Repository
2023-05-19 06:28:54,672 INFO [pool-10-thread-1] o.a.n.c.r.WriteAheadFlowFileRepository Successfully checkpointed FlowFile Repository with 24 records in 0 milliseconds
2023-05-19 06:29:13,084 INFO [Write-Ahead Local State Provider Maintenance] org.wali.MinimalLockingWriteAheadLog org.wali.MinimalLockingWriteAheadLog@128c7b5b checkpointed with 16 Records and 0 Swap Files in 22 milliseconds (Stop-the-world time = 6 milliseconds, Clear Edit Logs time = 8 millis), max Transaction ID 149
2023-05-19 06:29:14,673 INFO [pool-10-thread-1] o.a.n.c.r.WriteAheadFlowFileRepository Initiating checkpoint of FlowFile Repository
2023-05-19 06:29:14,673 INFO [pool-10-thread-1] o.a.n.c.r.WriteAheadFlowFileRepository Successfully checkpointed FlowFile Repository with 24 records in 0 milliseconds
2023-05-19 06:29:24,617 INFO [Cleanup Archive for default] o.a.n.c.repository.FileSystemRepository Successfully deleted 0 files (0 bytes) from archive
2023-05-19 06:29:24,618 INFO [Cleanup Archive for default] o.a.n.c.repository.FileSystemRepository Archive cleanup completed for container default; will now allow writing to this container. Bytes used = 30.99 GB, bytes free = 8.99 GB, capacity = 39.98 GB
2023-05-19 06:29:34,674 INFO [pool-10-thread-1] o.a.n.c.r.WriteAheadFlowFileRepository Initiating checkpoint of FlowFile Repository
2023-05-19 06:29:34,675 INFO [pool-10-thread-1] o.a.n.c.r.WriteAheadFlowFileRepository Successfully checkpointed FlowFile Repository with 24 records in 0 milliseconds
2023-05-19 06:29:54,677 INFO [pool-10-thread-1] o.a.n.c.r.WriteAheadFlowFileRepository Initiating checkpoint of FlowFile Repository
2023-05-19 06:29:54,678 INFO [pool-10-thread-1] o.a.n.c.r.WriteAheadFlowFileRepository Successfully checkpointed FlowFile Repository with 24 records in 0 milliseconds
2023-05-19 06:30:14,679 INFO [pool-10-thread-1] o.a.n.c.r.WriteAheadFlowFileRepository Initiating checkpoint of FlowFile Repository
2023-05-19 06:30:14,679 INFO [pool-10-thread-1] o.a.n.c.r.WriteAheadFlowFileRepository Successfully checkpointed FlowFile Repository with 24 records in 0 milliseconds
2023-05-19 06:30:24,634 INFO [Cleanup Archive for default] o.a.n.c.repository.FileSystemRepository Successfully deleted 0 files (0 bytes) from archive
2023-05-19 06:30:24,635 INFO [Cleanup Archive for default] o.a.n.c.repository.FileSystemRepository Archive cleanup completed for container default; will now allow writing to this container. Bytes used = 30.99 GB, bytes free = 8.99 GB, capacity = 39.98 GB
2023-05-19 06:30:34,680 INFO [pool-10-thread-1] o.a.n.c.r.WriteAheadFlowFileRepository Initiating checkpoint of FlowFile Repository
2023-05-19 06:30:34,680 INFO [pool-10-thread-1] o.a.n.c.r.WriteAheadFlowFileRepository Successfully checkpointed FlowFile Repository with 24 records in 0 milliseconds
2023-05-19 06:30:54,681 INFO [pool-10-thread-1] o.a.n.c.r.WriteAheadFlowFileRepository Initiating checkpoint of FlowFile Repository
2023-05-19 06:30:54,681 INFO [pool-10-thread-1] o.a.n.c.r.WriteAheadFlowFileRepository Successfully checkpointed FlowFile Repository with 24 records in 0 milliseconds
2023-05-19 06:31:13,116 INFO [Write-Ahead Local State Provider Maintenance] org.wali.MinimalLockingWriteAheadLog org.wali.MinimalLockingWriteAheadLog@128c7b5b checkpointed with 16 Records and 0 Swap Files in 29 milliseconds (Stop-the-world time = 9 milliseconds, Clear Edit Logs time = 8 millis), max Transaction ID 149
2023-05-19 06:31:14,682 INFO [pool-10-thread-1] o.a.n.c.r.WriteAheadFlowFileRepository Initiating checkpoint of FlowFile Repository
2023-05-19 06:31:14,683 INFO [pool-10-thread-1] o.a.n.c.r.WriteAheadFlowFileRepository Successfully checkpointed FlowFile Repository with 24 records in 0 milliseconds
2023-05-19 06:31:24,648 INFO [Cleanup Archive for default] o.a.n.c.repository.FileSystemRepository Successfully deleted 0 files (0 bytes) from archive
2023-05-19 06:31:24,649 INFO [Cleanup Archive for default] o.a.n.c.repository.FileSystemRepository Archive cleanup completed for container default; will now allow writing to this container. Bytes used = 30.99 GB, bytes free = 8.99 GB, capacity = 39.98 GB
2023-05-19 06:31:34,686 INFO [pool-10-thread-1] o.a.n.c.r.WriteAheadFlowFileRepository Initiating checkpoint of FlowFile Repository
2023-05-19 06:31:34,686 INFO [pool-10-thread-1] o.a.n.c.r.WriteAheadFlowFileRepository Successfully checkpointed FlowFile Repository with 24 records in 0 milliseconds
2023-05-19 06:31:54,687 INFO [pool-10-thread-1] o.a.n.c.r.WriteAheadFlowFileRepository Initiating checkpoint of FlowFile Repository
2023-05-19 06:31:54,687 INFO [pool-10-thread-1] o.a.n.c.r.WriteAheadFlowFileRepository Successfully checkpointed FlowFile Repository with 24 records in 0 milliseconds
2023-05-19 06:32:14,688 INFO [pool-10-thread-1] o.a.n.c.r.WriteAheadFlowFileRepository Initiating checkpoint of FlowFile Repository
2023-05-19 06:32:14,695 INFO [pool-10-thread-1] o.a.n.c.r.WriteAheadFlowFileRepository Successfully checkpointed FlowFile Repository with 24 records in 0 milliseconds
2023-05-19 06:32:24,662 INFO [Cleanup Archive for default] o.a.n.c.repository.FileSystemRepository Successfully deleted 0 files (0 bytes) from archive
2023-05-19 06:32:24,664 INFO [Cleanup Archive for default] o.a.n.c.repository.FileSystemRepository Archive cleanup completed for container default; will now allow writing to this container. Bytes used = 30.99 GB, bytes free = 8.99 GB, capacity = 39.98 GB
2023-05-19 06:32:34,697 INFO [pool-10-thread-1] o.a.n.c.r.WriteAheadFlowFileRepository Initiating checkpoint of FlowFile Repository
2023-05-19 06:32:34,697 INFO [pool-10-thread-1] o.a.n.c.r.WriteAheadFlowFileRepository Successfully checkpointed FlowFile Repository with 24 records in 0 milliseconds
2023-05-19 06:32:54,697 INFO [pool-10-thread-1] o.a.n.c.r.WriteAheadFlowFileRepository Initiating checkpoint of FlowFile Repository
2023-05-19 06:32:54,698 INFO [pool-10-thread-1] o.a.n.c.r.WriteAheadFlowFileRepository Successfully checkpointed FlowFile Repository with 24 records in 0 milliseconds
2023-05-19 06:33:13,137 INFO [Write-Ahead Local State Provider Maintenance] org.wali.MinimalLockingWriteAheadLog org.wali.MinimalLockingWriteAheadLog@128c7b5b checkpointed with 16 Records and 0 Swap Files in 20 milliseconds (Stop-the-world time = 6 milliseconds, Clear Edit Logs time = 7 millis), max Transaction ID 149
2023-05-19 06:33:14,698 INFO [pool-10-thread-1] o.a.n.c.r.WriteAheadFlowFileRepository Initiating checkpoint of FlowFile Repository
2023-05-19 06:33:14,698 INFO [pool-10-thread-1] o.a.n.c.r.WriteAheadFlowFileRepository Successfully checkpointed FlowFile Repository with 24 records in 0 milliseconds
2023-05-19 06:33:24,676 INFO [Cleanup Archive for default] o.a.n.c.repository.FileSystemRepository Successfully deleted 0 files (0 bytes) from archive
2023-05-19 06:33:24,677 INFO [Cleanup Archive for default] o.a.n.c.repository.FileSystemRepository Archive cleanup completed for container default; will now allow writing to this container. Bytes used = 30.99 GB, bytes free = 8.99 GB, capacity = 39.98 GB
2023-05-19 06:33:34,699 INFO [pool-10-thread-1] o.a.n.c.r.WriteAheadFlowFileRepository Initiating checkpoint of FlowFile Repository
2023-05-19 06:33:34,700 INFO [pool-10-thread-1] o.a.n.c.r.WriteAheadFlowFileRepository Successfully checkpointed FlowFile Repository with 24 records in 0 milliseconds
2023-05-19 06:33:54,700 INFO [pool-10-thread-1] o.a.n.c.r.WriteAheadFlowFileRepository Initiating checkpoint of FlowFile Repository
2023-05-19 06:33:54,700 INFO [pool-10-thread-1] o.a.n.c.r.WriteAheadFlowFileRepository Successfully checkpointed FlowFile Repository with 24 records in 0 milliseconds
2023-05-19 06:34:14,702 INFO [pool-10-thread-1] o.a.n.c.r.WriteAheadFlowFileRepository Initiating checkpoint of FlowFile Repository
2023-05-19 06:34:14,703 INFO [pool-10-thread-1] o.a.n.c.r.WriteAheadFlowFileRepository Successfully checkpointed FlowFile Repository with 24 records in 0 milliseconds
2023-05-19 06:34:24,685 INFO [Cleanup Archive for default] o.a.n.c.repository.FileSystemRepository Successfully deleted 0 files (0 bytes) from archive
2023-05-19 06:34:24,686 INFO [Cleanup Archive for default] o.a.n.c.repository.FileSystemRepository Archive cleanup completed for container default; will now allow writing to this container. Bytes used = 30.99 GB, bytes free = 8.99 GB, capacity = 39.98 GB
2023-05-19 06:34:34,703 INFO [pool-10-thread-1] o.a.n.c.r.WriteAheadFlowFileRepository Initiating checkpoint of FlowFile Repository
2023-05-19 06:34:34,703 INFO [pool-10-thread-1] o.a.n.c.r.WriteAheadFlowFileRepository Successfully checkpointed FlowFile Repository with 24 records in 0 milliseconds
2023-05-19 06:34:54,704 INFO [pool-10-thread-1] o.a.n.c.r.WriteAheadFlowFileRepository Initiating checkpoint of FlowFile Repository
2023-05-19 06:34:54,704 INFO [pool-10-thread-1] o.a.n.c.r.WriteAheadFlowFileRepository Successfully checkpointed FlowFile Repository with 24 records in 0 milliseconds
2023-05-19 06:35:13,162 INFO [Write-Ahead Local State Provider Maintenance] org.wali.MinimalLockingWriteAheadLog org.wali.MinimalLockingWriteAheadLog@128c7b5b checkpointed with 16 Records and 0 Swap Files in 23 milliseconds (Stop-the-world time = 7 milliseconds, Clear Edit Logs time = 8 millis), max Transaction ID 149
2023-05-19 06:35:14,705 INFO [pool-10-thread-1] o.a.n.c.r.WriteAheadFlowFileRepository Initiating checkpoint of FlowFile Repository
2023-05-19 06:35:14,706 INFO [pool-10-thread-1] o.a.n.c.r.WriteAheadFlowFileRepository Successfully checkpointed FlowFile Repository with 24 records in 0 milliseconds
2023-05-19 06:35:24,701 INFO [Cleanup Archive for default] o.a.n.c.repository.FileSystemRepository Successfully deleted 0 files (0 bytes) from archive
2023-05-19 06:35:24,701 INFO [Cleanup Archive for default] o.a.n.c.repository.FileSystemRepository Archive cleanup completed for container default; will now allow writing to this container. Bytes used = 30.99 GB, bytes free = 8.99 GB, capacity = 39.98 GB
2023-05-19 06:35:34,707 INFO [pool-10-thread-1] o.a.n.c.r.WriteAheadFlowFileRepository Initiating checkpoint of FlowFile Repository
2023-05-19 06:35:34,707 INFO [pool-10-thread-1] o.a.n.c.r.WriteAheadFlowFileRepository Successfully checkpointed FlowFile Repository with 24 records in 0 milliseconds
2023-05-19 06:35:54,708 INFO [pool-10-thread-1] o.a.n.c.r.WriteAheadFlowFileRepository Initiating checkpoint of FlowFile Repository
2023-05-19 06:35:54,710 INFO [pool-10-thread-1] o.a.n.c.r.WriteAheadFlowFileRepository Successfully checkpointed FlowFile Repository with 24 records in 0 milliseconds
2023-05-19 06:36:14,713 INFO [pool-10-thread-1] o.a.n.c.r.WriteAheadFlowFileRepository Initiating checkpoint of FlowFile Repository
2023-05-19 06:36:14,713 INFO [pool-10-thread-1] o.a.n.c.r.WriteAheadFlowFileRepository Successfully checkpointed FlowFile Repository with 24 records in 0 milliseconds
2023-05-19 06:36:24,716 INFO [Cleanup Archive for default] o.a.n.c.repository.FileSystemRepository Successfully deleted 0 files (0 bytes) from archive
2023-05-19 06:36:24,717 INFO [Cleanup Archive for default] o.a.n.c.repository.FileSystemRepository Archive cleanup completed for container default; will now allow writing to this container. Bytes used = 30.99 GB, bytes free = 8.99 GB, capacity = 39.98 GB
2023-05-19 06:36:34,713 INFO [pool-10-thread-1] o.a.n.c.r.WriteAheadFlowFileRepository Initiating checkpoint of FlowFile Repository
2023-05-19 06:36:34,714 INFO [pool-10-thread-1] o.a.n.c.r.WriteAheadFlowFileRepository Successfully checkpointed FlowFile Repository with 24 records in 0 milliseconds
2023-05-19 06:36:54,714 INFO [pool-10-thread-1] o.a.n.c.r.WriteAheadFlowFileRepository Initiating checkpoint of FlowFile Repository
2023-05-19 06:36:54,715 INFO [pool-10-thread-1] o.a.n.c.r.WriteAheadFlowFileRepository Successfully checkpointed FlowFile Repository with 24 records in 0 milliseconds
2023-05-19 06:37:13,183 INFO [Write-Ahead Local State Provider Maintenance] org.wali.MinimalLockingWriteAheadLog org.wali.MinimalLockingWriteAheadLog@128c7b5b checkpointed with 16 Records and 0 Swap Files in 19 milliseconds (Stop-the-world time = 6 milliseconds, Clear Edit Logs time = 6 millis), max Transaction ID 149
2023-05-19 06:37:14,715 INFO [pool-10-thread-1] o.a.n.c.r.WriteAheadFlowFileRepository Initiating checkpoint of FlowFile Repository
2023-05-19 06:37:14,715 INFO [pool-10-thread-1] o.a.n.c.r.WriteAheadFlowFileRepository Successfully checkpointed FlowFile Repository with 24 records in 0 milliseconds
2023-05-19 06:37:24,722 INFO [Cleanup Archive for default] o.a.n.c.repository.FileSystemRepository Successfully deleted 0 files (0 bytes) from archive
2023-05-19 06:37:24,722 INFO [Cleanup Archive for default] o.a.n.c.repository.FileSystemRepository Archive cleanup completed for container default; will now allow writing to this container. Bytes used = 30.99 GB, bytes free = 8.99 GB, capacity = 39.98 GB
2023-05-19 06:37:34,716 INFO [pool-10-thread-1] o.a.n.c.r.WriteAheadFlowFileRepository Initiating checkpoint of FlowFile Repository
2023-05-19 06:37:34,716 INFO [pool-10-thread-1] o.a.n.c.r.WriteAheadFlowFileRepository Successfully checkpointed FlowFile Repository with 24 records in 0 milliseconds
2023-05-19 06:37:54,717 INFO [pool-10-thread-1] o.a.n.c.r.WriteAheadFlowFileRepository Initiating checkpoint of FlowFile Repository
2023-05-19 06:37:54,717 INFO [pool-10-thread-1] o.a.n.c.r.WriteAheadFlowFileRepository Successfully checkpointed FlowFile Repository with 24 records in 0 milliseconds
2023-05-19 06:38:14,718 INFO [pool-10-thread-1] o.a.n.c.r.WriteAheadFlowFileRepository Initiating checkpoint of FlowFile Repository
2023-05-19 06:38:14,718 INFO [pool-10-thread-1] o.a.n.c.r.WriteAheadFlowFileRepository Successfully checkpointed FlowFile Repository with 24 records in 0 milliseconds
2023-05-19 06:38:24,729 INFO [Cleanup Archive for default] o.a.n.c.repository.FileSystemRepository Successfully deleted 0 files (0 bytes) from archive
2023-05-19 06:38:24,729 INFO [Cleanup Archive for default] o.a.n.c.repository.FileSystemRepository Archive cleanup completed for container default; will now allow writing to this container. Bytes used = 30.99 GB, bytes free = 8.99 GB, capacity = 39.98 GB
2023-05-19 06:38:34,721 INFO [pool-10-thread-1] o.a.n.c.r.WriteAheadFlowFileRepository Initiating checkpoint of FlowFile Repository
2023-05-19 06:38:34,721 INFO [pool-10-thread-1] o.a.n.c.r.WriteAheadFlowFileRepository Successfully checkpointed FlowFile Repository with 24 records in 0 milliseconds
2023-05-19 06:38:54,722 INFO [pool-10-thread-1] o.a.n.c.r.WriteAheadFlowFileRepository Initiating checkpoint of FlowFile Repository
2023-05-19 06:38:54,723 INFO [pool-10-thread-1] o.a.n.c.r.WriteAheadFlowFileRepository Successfully checkpointed FlowFile Repository with 24 records in 0 milliseconds
2023-05-19 06:39:13,272 INFO [Write-Ahead Local State Provider Maintenance] org.wali.MinimalLockingWriteAheadLog org.wali.MinimalLockingWriteAheadLog@128c7b5b checkpointed with 16 Records and 0 Swap Files in 85 milliseconds (Stop-the-world time = 7 milliseconds, Clear Edit Logs time = 8 millis), max Transaction ID 149
2023-05-19 06:39:14,725 INFO [pool-10-thread-1] o.a.n.c.r.WriteAheadFlowFileRepository Initiating checkpoint of FlowFile Repository
2023-05-19 06:39:14,725 INFO [pool-10-thread-1] o.a.n.c.r.WriteAheadFlowFileRepository Successfully checkpointed FlowFile Repository with 24 records in 0 milliseconds
2023-05-19 06:39:24,742 INFO [Cleanup Archive for default] o.a.n.c.repository.FileSystemRepository Successfully deleted 0 files (0 bytes) from archive
2023-05-19 06:39:24,743 INFO [Cleanup Archive for default] o.a.n.c.repository.FileSystemRepository Archive cleanup completed for container default; will now allow writing to this container. Bytes used = 30.99 GB, bytes free = 8.99 GB, capacity = 39.98 GB
2023-05-19 06:39:34,731 INFO [pool-10-thread-1] o.a.n.c.r.WriteAheadFlowFileRepository Initiating checkpoint of FlowFile Repository
2023-05-19 06:39:34,731 INFO [pool-10-thread-1] o.a.n.c.r.WriteAheadFlowFileRepository Successfully checkpointed FlowFile Repository with 24 records in 0 milliseconds
2023-05-19 06:39:54,734 INFO [pool-10-thread-1] o.a.n.c.r.WriteAheadFlowFileRepository Initiating checkpoint of FlowFile Repository
2023-05-19 06:39:54,735 INFO [pool-10-thread-1] o.a.n.c.r.WriteAheadFlowFileRepository Successfully checkpointed FlowFile Repository with 24 records in 0 milliseconds
2023-05-19 06:40:14,735 INFO [pool-10-thread-1] o.a.n.c.r.WriteAheadFlowFileRepository Initiating checkpoint of FlowFile Repository
2023-05-19 06:40:14,735 INFO [pool-10-thread-1] o.a.n.c.r.WriteAheadFlowFileRepository Successfully checkpointed FlowFile Repository with 24 records in 0 milliseconds
2023-05-19 06:40:24,755 INFO [Cleanup Archive for default] o.a.n.c.repository.FileSystemRepository Successfully deleted 0 files (0 bytes) from archive
2023-05-19 06:40:24,756 INFO [Cleanup Archive for default] o.a.n.c.repository.FileSystemRepository Archive cleanup completed for container default; will now allow writing to this container. Bytes used = 30.99 GB, bytes free = 8.99 GB, capacity = 39.98 GB
2023-05-19 06:40:34,739 INFO [pool-10-thread-1] o.a.n.c.r.WriteAheadFlowFileRepository Initiating checkpoint of FlowFile Repository
2023-05-19 06:40:34,739 INFO [pool-10-thread-1] o.a.n.c.r.WriteAheadFlowFileRepository Successfully checkpointed FlowFile Repository with 24 records in 0 milliseconds
2023-05-19 06:40:54,740 INFO [pool-10-thread-1] o.a.n.c.r.WriteAheadFlowFileRepository Initiating checkpoint of FlowFile Repository
2023-05-19 06:40:54,740 INFO [pool-10-thread-1] o.a.n.c.r.WriteAheadFlowFileRepository Successfully checkpointed FlowFile Repository with 24 records in 0 milliseconds
2023-05-19 06:41:13,298 INFO [Write-Ahead Local State Provider Maintenance] org.wali.MinimalLockingWriteAheadLog org.wali.MinimalLockingWriteAheadLog@128c7b5b checkpointed with 16 Records and 0 Swap Files in 25 milliseconds (Stop-the-world time = 8 milliseconds, Clear Edit Logs time = 11 millis), max Transaction ID 149
2023-05-19 06:41:14,745 INFO [pool-10-thread-1] o.a.n.c.r.WriteAheadFlowFileRepository Initiating checkpoint of FlowFile Repository
2023-05-19 06:41:14,745 INFO [pool-10-thread-1] o.a.n.c.r.WriteAheadFlowFileRepository Successfully checkpointed FlowFile Repository with 24 records in 0 milliseconds
2023-05-19 06:41:24,765 INFO [Cleanup Archive for default] o.a.n.c.repository.FileSystemRepository Successfully deleted 0 files (0 bytes) from archive
2023-05-19 06:41:24,765 INFO [Cleanup Archive for default] o.a.n.c.repository.FileSystemRepository Archive cleanup completed for container default; will now allow writing to this container. Bytes used = 30.99 GB, bytes free = 8.99 GB, capacity = 39.98 GB
2023-05-19 06:41:34,746 INFO [pool-10-thread-1] o.a.n.c.r.WriteAheadFlowFileRepository Initiating checkpoint of FlowFile Repository
2023-05-19 06:41:34,746 INFO [pool-10-thread-1] o.a.n.c.r.WriteAheadFlowFileRepository Successfully checkpointed FlowFile Repository with 24 records in 0 milliseconds
2023-05-19 06:41:54,750 INFO [pool-10-thread-1] o.a.n.c.r.WriteAheadFlowFileRepository Initiating checkpoint of FlowFile Repository
2023-05-19 06:41:54,751 INFO [pool-10-thread-1] o.a.n.c.r.WriteAheadFlowFileRepository Successfully checkpointed FlowFile Repository with 24 records in 0 milliseconds
2023-05-19 06:42:14,755 INFO [pool-10-thread-1] o.a.n.c.r.WriteAheadFlowFileRepository Initiating checkpoint of FlowFile Repository
2023-05-19 06:42:14,755 INFO [pool-10-thread-1] o.a.n.c.r.WriteAheadFlowFileRepository Successfully checkpointed FlowFile Repository with 24 records in 0 milliseconds
2023-05-19 06:42:24,772 INFO [Cleanup Archive for default] o.a.n.c.repository.FileSystemRepository Successfully deleted 0 files (0 bytes) from archive
2023-05-19 06:42:24,773 INFO [Cleanup Archive for default] o.a.n.c.repository.FileSystemRepository Archive cleanup completed for container default; will now allow writing to this container. Bytes used = 30.99 GB, bytes free = 8.99 GB, capacity = 39.98 GB
2023-05-19 06:42:34,756 INFO [pool-10-thread-1] o.a.n.c.r.WriteAheadFlowFileRepository Initiating checkpoint of FlowFile Repository
2023-05-19 06:42:34,757 INFO [pool-10-thread-1] o.a.n.c.r.WriteAheadFlowFileRepository Successfully checkpointed FlowFile Repository with 24 records in 0 milliseconds
2023-05-19 06:42:54,758 INFO [pool-10-thread-1] o.a.n.c.r.WriteAheadFlowFileRepository Initiating checkpoint of FlowFile Repository
2023-05-19 06:42:54,758 INFO [pool-10-thread-1] o.a.n.c.r.WriteAheadFlowFileRepository Successfully checkpointed FlowFile Repository with 24 records in 0 milliseconds
2023-05-19 06:43:13,312 INFO [Write-Ahead Local State Provider Maintenance] org.wali.MinimalLockingWriteAheadLog org.wali.MinimalLockingWriteAheadLog@128c7b5b checkpointed with 16 Records and 0 Swap Files in 13 milliseconds (Stop-the-world time = 4 milliseconds, Clear Edit Logs time = 3 millis), max Transaction ID 149
2023-05-19 06:43:14,766 INFO [pool-10-thread-1] o.a.n.c.r.WriteAheadFlowFileRepository Initiating checkpoint of FlowFile Repository
2023-05-19 06:43:14,766 INFO [pool-10-thread-1] o.a.n.c.r.WriteAheadFlowFileRepository Successfully checkpointed FlowFile Repository with 24 records in 0 milliseconds
2023-05-19 06:43:24,785 INFO [Cleanup Archive for default] o.a.n.c.repository.FileSystemRepository Successfully deleted 0 files (0 bytes) from archive
2023-05-19 06:43:24,786 INFO [Cleanup Archive for default] o.a.n.c.repository.FileSystemRepository Archive cleanup completed for container default; will now allow writing to this container. Bytes used = 30.99 GB, bytes free = 8.99 GB, capacity = 39.98 GB
2023-05-19 06:43:34,767 INFO [pool-10-thread-1] o.a.n.c.r.WriteAheadFlowFileRepository Initiating checkpoint of FlowFile Repository
2023-05-19 06:43:34,767 INFO [pool-10-thread-1] o.a.n.c.r.WriteAheadFlowFileRepository Successfully checkpointed FlowFile Repository with 24 records in 0 milliseconds
2023-05-19 06:43:54,769 INFO [pool-10-thread-1] o.a.n.c.r.WriteAheadFlowFileRepository Initiating checkpoint of FlowFile Repository
2023-05-19 06:43:54,769 INFO [pool-10-thread-1] o.a.n.c.r.WriteAheadFlowFileRepository Successfully checkpointed FlowFile Repository with 24 records in 0 milliseconds
2023-05-19 06:44:14,770 INFO [pool-10-thread-1] o.a.n.c.r.WriteAheadFlowFileRepository Initiating checkpoint of FlowFile Repository
2023-05-19 06:44:14,771 INFO [pool-10-thread-1] o.a.n.c.r.WriteAheadFlowFileRepository Successfully checkpointed FlowFile Repository with 24 records in 0 milliseconds
2023-05-19 06:44:24,802 INFO [Cleanup Archive for default] o.a.n.c.repository.FileSystemRepository Successfully deleted 0 files (0 bytes) from archive
2023-05-19 06:44:24,804 INFO [Cleanup Archive for default] o.a.n.c.repository.FileSystemRepository Archive cleanup completed for container default; will now allow writing to this container. Bytes used = 30.99 GB, bytes free = 8.99 GB, capacity = 39.98 GB
2023-05-19 06:44:34,771 INFO [pool-10-thread-1] o.a.n.c.r.WriteAheadFlowFileRepository Initiating checkpoint of FlowFile Repository
2023-05-19 06:44:34,771 INFO [pool-10-thread-1] o.a.n.c.r.WriteAheadFlowFileRepository Successfully checkpointed FlowFile Repository with 24 records in 0 milliseconds
2023-05-19 06:44:54,777 INFO [pool-10-thread-1] o.a.n.c.r.WriteAheadFlowFileRepository Initiating checkpoint of FlowFile Repository
2023-05-19 06:44:54,777 INFO [pool-10-thread-1] o.a.n.c.r.WriteAheadFlowFileRepository Successfully checkpointed FlowFile Repository with 24 records in 0 milliseconds
2023-05-19 06:45:13,401 INFO [Write-Ahead Local State Provider Maintenance] org.wali.MinimalLockingWriteAheadLog org.wali.MinimalLockingWriteAheadLog@128c7b5b checkpointed with 16 Records and 0 Swap Files in 87 milliseconds (Stop-the-world time = 8 milliseconds, Clear Edit Logs time = 8 millis), max Transaction ID 149
2023-05-19 06:45:14,778 INFO [pool-10-thread-1] o.a.n.c.r.WriteAheadFlowFileRepository Initiating checkpoint of FlowFile Repository
2023-05-19 06:45:14,778 INFO [pool-10-thread-1] o.a.n.c.r.WriteAheadFlowFileRepository Successfully checkpointed FlowFile Repository with 24 records in 0 milliseconds
2023-05-19 06:45:24,818 INFO [Cleanup Archive for default] o.a.n.c.repository.FileSystemRepository Successfully deleted 0 files (0 bytes) from archive
2023-05-19 06:45:24,818 INFO [Cleanup Archive for default] o.a.n.c.repository.FileSystemRepository Archive cleanup completed for container default; will now allow writing to this container. Bytes used = 30.99 GB, bytes free = 8.99 GB, capacity = 39.98 GB
2023-05-19 06:45:34,782 INFO [pool-10-thread-1] o.a.n.c.r.WriteAheadFlowFileRepository Initiating checkpoint of FlowFile Repository
2023-05-19 06:45:34,782 INFO [pool-10-thread-1] o.a.n.c.r.WriteAheadFlowFileRepository Successfully checkpointed FlowFile Repository with 24 records in 0 milliseconds
2023-05-19 06:45:54,783 INFO [pool-10-thread-1] o.a.n.c.r.WriteAheadFlowFileRepository Initiating checkpoint of FlowFile Repository
2023-05-19 06:45:54,783 INFO [pool-10-thread-1] o.a.n.c.r.WriteAheadFlowFileRepository Successfully checkpointed FlowFile Repository with 24 records in 0 milliseconds
2023-05-19 06:46:14,784 INFO [pool-10-thread-1] o.a.n.c.r.WriteAheadFlowFileRepository Initiating checkpoint of FlowFile Repository
2023-05-19 06:46:14,784 INFO [pool-10-thread-1] o.a.n.c.r.WriteAheadFlowFileRepository Successfully checkpointed FlowFile Repository with 24 records in 0 milliseconds
2023-05-19 06:46:24,833 INFO [Cleanup Archive for default] o.a.n.c.repository.FileSystemRepository Successfully deleted 0 files (0 bytes) from archive
2023-05-19 06:46:24,835 INFO [Cleanup Archive for default] o.a.n.c.repository.FileSystemRepository Archive cleanup completed for container default; will now allow writing to this container. Bytes used = 30.99 GB, bytes free = 8.99 GB, capacity = 39.98 GB
2023-05-19 06:46:34,785 INFO [pool-10-thread-1] o.a.n.c.r.WriteAheadFlowFileRepository Initiating checkpoint of FlowFile Repository
2023-05-19 06:46:34,785 INFO [pool-10-thread-1] o.a.n.c.r.WriteAheadFlowFileRepository Successfully checkpointed FlowFile Repository with 24 records in 0 milliseconds
2023-05-19 06:46:54,786 INFO [pool-10-thread-1] o.a.n.c.r.WriteAheadFlowFileRepository Initiating checkpoint of FlowFile Repository
2023-05-19 06:46:54,786 INFO [pool-10-thread-1] o.a.n.c.r.WriteAheadFlowFileRepository Successfully checkpointed FlowFile Repository with 24 records in 0 milliseconds
2023-05-19 06:47:13,426 INFO [Write-Ahead Local State Provider Maintenance] org.wali.MinimalLockingWriteAheadLog org.wali.MinimalLockingWriteAheadLog@128c7b5b checkpointed with 16 Records and 0 Swap Files in 24 milliseconds (Stop-the-world time = 7 milliseconds, Clear Edit Logs time = 10 millis), max Transaction ID 149
2023-05-19 06:47:14,787 INFO [pool-10-thread-1] o.a.n.c.r.WriteAheadFlowFileRepository Initiating checkpoint of FlowFile Repository
2023-05-19 06:47:14,787 INFO [pool-10-thread-1] o.a.n.c.r.WriteAheadFlowFileRepository Successfully checkpointed FlowFile Repository with 24 records in 0 milliseconds
2023-05-19 06:47:24,849 INFO [Cleanup Archive for default] o.a.n.c.repository.FileSystemRepository Successfully deleted 0 files (0 bytes) from archive
2023-05-19 06:47:24,849 INFO [Cleanup Archive for default] o.a.n.c.repository.FileSystemRepository Archive cleanup completed for container default; will now allow writing to this container. Bytes used = 30.99 GB, bytes free = 8.99 GB, capacity = 39.98 GB
2023-05-19 06:47:34,788 INFO [pool-10-thread-1] o.a.n.c.r.WriteAheadFlowFileRepository Initiating checkpoint of FlowFile Repository
2023-05-19 06:47:34,789 INFO [pool-10-thread-1] o.a.n.c.r.WriteAheadFlowFileRepository Successfully checkpointed FlowFile Repository with 24 records in 0 milliseconds
2023-05-19 06:47:54,790 INFO [pool-10-thread-1] o.a.n.c.r.WriteAheadFlowFileRepository Initiating checkpoint of FlowFile Repository
2023-05-19 06:47:54,790 INFO [pool-10-thread-1] o.a.n.c.r.WriteAheadFlowFileRepository Successfully checkpointed FlowFile Repository with 24 records in 0 milliseconds
2023-05-19 06:48:14,791 INFO [pool-10-thread-1] o.a.n.c.r.WriteAheadFlowFileRepository Initiating checkpoint of FlowFile Repository
2023-05-19 06:48:14,792 INFO [pool-10-thread-1] o.a.n.c.r.WriteAheadFlowFileRepository Successfully checkpointed FlowFile Repository with 24 records in 0 milliseconds
2023-05-19 06:48:24,864 INFO [Cleanup Archive for default] o.a.n.c.repository.FileSystemRepository Successfully deleted 0 files (0 bytes) from archive
2023-05-19 06:48:24,864 INFO [Cleanup Archive for default] o.a.n.c.repository.FileSystemRepository Archive cleanup completed for container default; will now allow writing to this container. Bytes used = 30.99 GB, bytes free = 8.99 GB, capacity = 39.98 GB
2023-05-19 06:48:34,795 INFO [pool-10-thread-1] o.a.n.c.r.WriteAheadFlowFileRepository Initiating checkpoint of FlowFile Repository
2023-05-19 06:48:34,795 INFO [pool-10-thread-1] o.a.n.c.r.WriteAheadFlowFileRepository Successfully checkpointed FlowFile Repository with 24 records in 0 milliseconds
2023-05-19 06:48:54,796 INFO [pool-10-thread-1] o.a.n.c.r.WriteAheadFlowFileRepository Initiating checkpoint of FlowFile Repository
2023-05-19 06:48:54,796 INFO [pool-10-thread-1] o.a.n.c.r.WriteAheadFlowFileRepository Successfully checkpointed FlowFile Repository with 24 records in 0 milliseconds
2023-05-19 06:49:13,501 INFO [Write-Ahead Local State Provider Maintenance] org.wali.MinimalLockingWriteAheadLog org.wali.MinimalLockingWriteAheadLog@128c7b5b checkpointed with 16 Records and 0 Swap Files in 74 milliseconds (Stop-the-world time = 6 milliseconds, Clear Edit Logs time = 1 millis), max Transaction ID 149
2023-05-19 06:49:14,797 INFO [pool-10-thread-1] o.a.n.c.r.WriteAheadFlowFileRepository Initiating checkpoint of FlowFile Repository
2023-05-19 06:49:14,797 INFO [pool-10-thread-1] o.a.n.c.r.WriteAheadFlowFileRepository Successfully checkpointed FlowFile Repository with 24 records in 0 milliseconds
2023-05-19 06:49:24,876 INFO [Cleanup Archive for default] o.a.n.c.repository.FileSystemRepository Successfully deleted 0 files (0 bytes) from archive
2023-05-19 06:49:24,877 INFO [Cleanup Archive for default] o.a.n.c.repository.FileSystemRepository Archive cleanup completed for container default; will now allow writing to this container. Bytes used = 30.99 GB, bytes free = 8.99 GB, capacity = 39.98 GB
2023-05-19 06:49:34,798 INFO [pool-10-thread-1] o.a.n.c.r.WriteAheadFlowFileRepository Initiating checkpoint of FlowFile Repository
2023-05-19 06:49:34,799 INFO [pool-10-thread-1] o.a.n.c.r.WriteAheadFlowFileRepository Successfully checkpointed FlowFile Repository with 24 records in 0 milliseconds
2023-05-19 06:49:54,799 INFO [pool-10-thread-1] o.a.n.c.r.WriteAheadFlowFileRepository Initiating checkpoint of FlowFile Repository
2023-05-19 06:49:54,799 INFO [pool-10-thread-1] o.a.n.c.r.WriteAheadFlowFileRepository Successfully checkpointed FlowFile Repository with 24 records in 0 milliseconds
2023-05-19 06:50:14,800 INFO [pool-10-thread-1] o.a.n.c.r.WriteAheadFlowFileRepository Initiating checkpoint of FlowFile Repository
2023-05-19 06:50:14,800 INFO [pool-10-thread-1] o.a.n.c.r.WriteAheadFlowFileRepository Successfully checkpointed FlowFile Repository with 24 records in 0 milliseconds
2023-05-19 06:50:24,891 INFO [Cleanup Archive for default] o.a.n.c.repository.FileSystemRepository Successfully deleted 0 files (0 bytes) from archive
2023-05-19 06:50:24,892 INFO [Cleanup Archive for default] o.a.n.c.repository.FileSystemRepository Archive cleanup completed for container default; will now allow writing to this container. Bytes used = 30.99 GB, bytes free = 8.99 GB, capacity = 39.98 GB
2023-05-19 06:50:34,801 INFO [pool-10-thread-1] o.a.n.c.r.WriteAheadFlowFileRepository Initiating checkpoint of FlowFile Repository
2023-05-19 06:50:34,801 INFO [pool-10-thread-1] o.a.n.c.r.WriteAheadFlowFileRepository Successfully checkpointed FlowFile Repository with 24 records in 0 milliseconds
2023-05-19 06:50:54,802 INFO [pool-10-thread-1] o.a.n.c.r.WriteAheadFlowFileRepository Initiating checkpoint of FlowFile Repository
2023-05-19 06:50:54,802 INFO [pool-10-thread-1] o.a.n.c.r.WriteAheadFlowFileRepository Successfully checkpointed FlowFile Repository with 24 records in 0 milliseconds
2023-05-19 06:51:13,527 INFO [Write-Ahead Local State Provider Maintenance] org.wali.MinimalLockingWriteAheadLog org.wali.MinimalLockingWriteAheadLog@128c7b5b checkpointed with 16 Records and 0 Swap Files in 23 milliseconds (Stop-the-world time = 7 milliseconds, Clear Edit Logs time = 7 millis), max Transaction ID 149
2023-05-19 06:51:14,802 INFO [pool-10-thread-1] o.a.n.c.r.WriteAheadFlowFileRepository Initiating checkpoint of FlowFile Repository
2023-05-19 06:51:14,802 INFO [pool-10-thread-1] o.a.n.c.r.WriteAheadFlowFileRepository Successfully checkpointed FlowFile Repository with 24 records in 0 milliseconds
2023-05-19 06:51:24,929 INFO [Cleanup Archive for default] o.a.n.c.repository.FileSystemRepository Successfully deleted 0 files (0 bytes) from archive
2023-05-19 06:51:24,929 INFO [Cleanup Archive for default] o.a.n.c.repository.FileSystemRepository Archive cleanup completed for container default; will now allow writing to this container. Bytes used = 30.99 GB, bytes free = 8.99 GB, capacity = 39.98 GB
2023-05-19 06:51:34,803 INFO [pool-10-thread-1] o.a.n.c.r.WriteAheadFlowFileRepository Initiating checkpoint of FlowFile Repository
2023-05-19 06:51:34,804 INFO [pool-10-thread-1] o.a.n.c.r.WriteAheadFlowFileRepository Successfully checkpointed FlowFile Repository with 24 records in 0 milliseconds
2023-05-19 06:51:54,805 INFO [pool-10-thread-1] o.a.n.c.r.WriteAheadFlowFileRepository Initiating checkpoint of FlowFile Repository
2023-05-19 06:51:54,805 INFO [pool-10-thread-1] o.a.n.c.r.WriteAheadFlowFileRepository Successfully checkpointed FlowFile Repository with 24 records in 0 milliseconds
2023-05-19 06:52:14,811 INFO [pool-10-thread-1] o.a.n.c.r.WriteAheadFlowFileRepository Initiating checkpoint of FlowFile Repository
2023-05-19 06:52:14,811 INFO [pool-10-thread-1] o.a.n.c.r.WriteAheadFlowFileRepository Successfully checkpointed FlowFile Repository with 24 records in 0 milliseconds
2023-05-19 06:52:24,941 INFO [Cleanup Archive for default] o.a.n.c.repository.FileSystemRepository Successfully deleted 0 files (0 bytes) from archive
2023-05-19 06:52:24,942 INFO [Cleanup Archive for default] o.a.n.c.repository.FileSystemRepository Archive cleanup completed for container default; will now allow writing to this container. Bytes used = 30.99 GB, bytes free = 8.99 GB, capacity = 39.98 GB
2023-05-19 06:52:34,812 INFO [pool-10-thread-1] o.a.n.c.r.WriteAheadFlowFileRepository Initiating checkpoint of FlowFile Repository
2023-05-19 06:52:34,813 INFO [pool-10-thread-1] o.a.n.c.r.WriteAheadFlowFileRepository Successfully checkpointed FlowFile Repository with 24 records in 0 milliseconds
2023-05-19 06:52:54,813 INFO [pool-10-thread-1] o.a.n.c.r.WriteAheadFlowFileRepository Initiating checkpoint of FlowFile Repository
2023-05-19 06:52:54,814 INFO [pool-10-thread-1] o.a.n.c.r.WriteAheadFlowFileRepository Successfully checkpointed FlowFile Repository with 24 records in 0 milliseconds
2023-05-19 06:53:13,566 INFO [Write-Ahead Local State Provider Maintenance] org.wali.MinimalLockingWriteAheadLog org.wali.MinimalLockingWriteAheadLog@128c7b5b checkpointed with 16 Records and 0 Swap Files in 38 milliseconds (Stop-the-world time = 3 milliseconds, Clear Edit Logs time = 3 millis), max Transaction ID 149
2023-05-19 06:53:14,815 INFO [pool-10-thread-1] o.a.n.c.r.WriteAheadFlowFileRepository Initiating checkpoint of FlowFile Repository
2023-05-19 06:53:14,815 INFO [pool-10-thread-1] o.a.n.c.r.WriteAheadFlowFileRepository Successfully checkpointed FlowFile Repository with 24 records in 0 milliseconds
2023-05-19 06:53:24,953 INFO [Cleanup Archive for default] o.a.n.c.repository.FileSystemRepository Successfully deleted 0 files (0 bytes) from archive
2023-05-19 06:53:24,954 INFO [Cleanup Archive for default] o.a.n.c.repository.FileSystemRepository Archive cleanup completed for container default; will now allow writing to this container. Bytes used = 30.99 GB, bytes free = 8.99 GB, capacity = 39.98 GB
2023-05-19 06:53:34,815 INFO [pool-10-thread-1] o.a.n.c.r.WriteAheadFlowFileRepository Initiating checkpoint of FlowFile Repository
2023-05-19 06:53:34,815 INFO [pool-10-thread-1] o.a.n.c.r.WriteAheadFlowFileRepository Successfully checkpointed FlowFile Repository with 24 records in 0 milliseconds
2023-05-19 06:53:54,816 INFO [pool-10-thread-1] o.a.n.c.r.WriteAheadFlowFileRepository Initiating checkpoint of FlowFile Repository
2023-05-19 06:53:54,817 INFO [pool-10-thread-1] o.a.n.c.r.WriteAheadFlowFileRepository Successfully checkpointed FlowFile Repository with 24 records in 0 milliseconds
2023-05-19 06:54:14,817 INFO [pool-10-thread-1] o.a.n.c.r.WriteAheadFlowFileRepository Initiating checkpoint of FlowFile Repository
2023-05-19 06:54:14,818 INFO [pool-10-thread-1] o.a.n.c.r.WriteAheadFlowFileRepository Successfully checkpointed FlowFile Repository with 24 records in 0 milliseconds
2023-05-19 06:54:24,967 INFO [Cleanup Archive for default] o.a.n.c.repository.FileSystemRepository Successfully deleted 0 files (0 bytes) from archive
2023-05-19 06:54:24,967 INFO [Cleanup Archive for default] o.a.n.c.repository.FileSystemRepository Archive cleanup completed for container default; will now allow writing to this container. Bytes used = 30.99 GB, bytes free = 8.99 GB, capacity = 39.98 GB
2023-05-19 06:54:34,820 INFO [pool-10-thread-1] o.a.n.c.r.WriteAheadFlowFileRepository Initiating checkpoint of FlowFile Repository
2023-05-19 06:54:34,820 INFO [pool-10-thread-1] o.a.n.c.r.WriteAheadFlowFileRepository Successfully checkpointed FlowFile Repository with 24 records in 0 milliseconds
2023-05-19 06:54:54,821 INFO [pool-10-thread-1] o.a.n.c.r.WriteAheadFlowFileRepository Initiating checkpoint of FlowFile Repository
2023-05-19 06:54:54,822 INFO [pool-10-thread-1] o.a.n.c.r.WriteAheadFlowFileRepository Successfully checkpointed FlowFile Repository with 24 records in 0 milliseconds
2023-05-19 06:55:13,598 INFO [Write-Ahead Local State Provider Maintenance] org.wali.MinimalLockingWriteAheadLog org.wali.MinimalLockingWriteAheadLog@128c7b5b checkpointed with 16 Records and 0 Swap Files in 30 milliseconds (Stop-the-world time = 6 milliseconds, Clear Edit Logs time = 15 millis), max Transaction ID 149
2023-05-19 06:55:14,822 INFO [pool-10-thread-1] o.a.n.c.r.WriteAheadFlowFileRepository Initiating checkpoint of FlowFile Repository
2023-05-19 06:55:14,822 INFO [pool-10-thread-1] o.a.n.c.r.WriteAheadFlowFileRepository Successfully checkpointed FlowFile Repository with 24 records in 0 milliseconds
2023-05-19 06:55:24,980 INFO [Cleanup Archive for default] o.a.n.c.repository.FileSystemRepository Successfully deleted 0 files (0 bytes) from archive
2023-05-19 06:55:24,981 INFO [Cleanup Archive for default] o.a.n.c.repository.FileSystemRepository Archive cleanup completed for container default; will now allow writing to this container. Bytes used = 30.99 GB, bytes free = 8.99 GB, capacity = 39.98 GB
2023-05-19 06:55:34,823 INFO [pool-10-thread-1] o.a.n.c.r.WriteAheadFlowFileRepository Initiating checkpoint of FlowFile Repository
2023-05-19 06:55:34,824 INFO [pool-10-thread-1] o.a.n.c.r.WriteAheadFlowFileRepository Successfully checkpointed FlowFile Repository with 24 records in 0 milliseconds
2023-05-19 06:55:54,824 INFO [pool-10-thread-1] o.a.n.c.r.WriteAheadFlowFileRepository Initiating checkpoint of FlowFile Repository
2023-05-19 06:55:54,825 INFO [pool-10-thread-1] o.a.n.c.r.WriteAheadFlowFileRepository Successfully checkpointed FlowFile Repository with 24 records in 0 milliseconds
2023-05-19 06:56:14,825 INFO [pool-10-thread-1] o.a.n.c.r.WriteAheadFlowFileRepository Initiating checkpoint of FlowFile Repository
2023-05-19 06:56:14,825 INFO [pool-10-thread-1] o.a.n.c.r.WriteAheadFlowFileRepository Successfully checkpointed FlowFile Repository with 24 records in 0 milliseconds
2023-05-19 06:56:24,996 INFO [Cleanup Archive for default] o.a.n.c.repository.FileSystemRepository Successfully deleted 0 files (0 bytes) from archive
2023-05-19 06:56:24,997 INFO [Cleanup Archive for default] o.a.n.c.repository.FileSystemRepository Archive cleanup completed for container default; will now allow writing to this container. Bytes used = 30.99 GB, bytes free = 8.99 GB, capacity = 39.98 GB
2023-05-19 06:56:34,827 INFO [pool-10-thread-1] o.a.n.c.r.WriteAheadFlowFileRepository Initiating checkpoint of FlowFile Repository
2023-05-19 06:56:34,827 INFO [pool-10-thread-1] o.a.n.c.r.WriteAheadFlowFileRepository Successfully checkpointed FlowFile Repository with 24 records in 0 milliseconds
2023-05-19 06:56:54,828 INFO [pool-10-thread-1] o.a.n.c.r.WriteAheadFlowFileRepository Initiating checkpoint of FlowFile Repository
2023-05-19 06:56:54,828 INFO [pool-10-thread-1] o.a.n.c.r.WriteAheadFlowFileRepository Successfully checkpointed FlowFile Repository with 24 records in 0 milliseconds
2023-05-19 06:57:13,665 INFO [Write-Ahead Local State Provider Maintenance] org.wali.MinimalLockingWriteAheadLog org.wali.MinimalLockingWriteAheadLog@128c7b5b checkpointed with 16 Records and 0 Swap Files in 65 milliseconds (Stop-the-world time = 8 milliseconds, Clear Edit Logs time = 6 millis), max Transaction ID 149
2023-05-19 06:57:14,830 INFO [pool-10-thread-1] o.a.n.c.r.WriteAheadFlowFileRepository Initiating checkpoint of FlowFile Repository
2023-05-19 06:57:14,830 INFO [pool-10-thread-1] o.a.n.c.r.WriteAheadFlowFileRepository Successfully checkpointed FlowFile Repository with 24 records in 0 milliseconds
2023-05-19 06:57:25,012 INFO [Cleanup Archive for default] o.a.n.c.repository.FileSystemRepository Successfully deleted 0 files (0 bytes) from archive
2023-05-19 06:57:25,013 INFO [Cleanup Archive for default] o.a.n.c.repository.FileSystemRepository Archive cleanup completed for container default; will now allow writing to this container. Bytes used = 30.99 GB, bytes free = 8.99 GB, capacity = 39.98 GB
2023-05-19 06:57:34,830 INFO [pool-10-thread-1] o.a.n.c.r.WriteAheadFlowFileRepository Initiating checkpoint of FlowFile Repository
2023-05-19 06:57:34,830 INFO [pool-10-thread-1] o.a.n.c.r.WriteAheadFlowFileRepository Successfully checkpointed FlowFile Repository with 24 records in 0 milliseconds
2023-05-19 06:57:54,831 INFO [pool-10-thread-1] o.a.n.c.r.WriteAheadFlowFileRepository Initiating checkpoint of FlowFile Repository
2023-05-19 06:57:54,831 INFO [pool-10-thread-1] o.a.n.c.r.WriteAheadFlowFileRepository Successfully checkpointed FlowFile Repository with 24 records in 0 milliseconds
2023-05-19 06:58:14,832 INFO [pool-10-thread-1] o.a.n.c.r.WriteAheadFlowFileRepository Initiating checkpoint of FlowFile Repository
2023-05-19 06:58:14,832 INFO [pool-10-thread-1] o.a.n.c.r.WriteAheadFlowFileRepository Successfully checkpointed FlowFile Repository with 24 records in 0 milliseconds
2023-05-19 06:58:25,034 INFO [Cleanup Archive for default] o.a.n.c.repository.FileSystemRepository Successfully deleted 0 files (0 bytes) from archive
2023-05-19 06:58:25,035 INFO [Cleanup Archive for default] o.a.n.c.repository.FileSystemRepository Archive cleanup completed for container default; will now allow writing to this container. Bytes used = 30.99 GB, bytes free = 8.99 GB, capacity = 39.98 GB
2023-05-19 06:58:34,836 INFO [pool-10-thread-1] o.a.n.c.r.WriteAheadFlowFileRepository Initiating checkpoint of FlowFile Repository
2023-05-19 06:58:34,836 INFO [pool-10-thread-1] o.a.n.c.r.WriteAheadFlowFileRepository Successfully checkpointed FlowFile Repository with 24 records in 0 milliseconds
2023-05-19 06:58:54,837 INFO [pool-10-thread-1] o.a.n.c.r.WriteAheadFlowFileRepository Initiating checkpoint of FlowFile Repository
2023-05-19 06:58:54,838 INFO [pool-10-thread-1] o.a.n.c.r.WriteAheadFlowFileRepository Successfully checkpointed FlowFile Repository with 24 records in 0 milliseconds
2023-05-19 06:59:13,687 INFO [Write-Ahead Local State Provider Maintenance] org.wali.MinimalLockingWriteAheadLog org.wali.MinimalLockingWriteAheadLog@128c7b5b checkpointed with 16 Records and 0 Swap Files in 20 milliseconds (Stop-the-world time = 5 milliseconds, Clear Edit Logs time = 7 millis), max Transaction ID 149
2023-05-19 06:59:14,838 INFO [pool-10-thread-1] o.a.n.c.r.WriteAheadFlowFileRepository Initiating checkpoint of FlowFile Repository
2023-05-19 06:59:14,838 INFO [pool-10-thread-1] o.a.n.c.r.WriteAheadFlowFileRepository Successfully checkpointed FlowFile Repository with 24 records in 0 milliseconds
2023-05-19 06:59:25,047 INFO [Cleanup Archive for default] o.a.n.c.repository.FileSystemRepository Successfully deleted 0 files (0 bytes) from archive
2023-05-19 06:59:25,048 INFO [Cleanup Archive for default] o.a.n.c.repository.FileSystemRepository Archive cleanup completed for container default; will now allow writing to this container. Bytes used = 30.99 GB, bytes free = 8.99 GB, capacity = 39.98 GB
2023-05-19 06:59:34,839 INFO [pool-10-thread-1] o.a.n.c.r.WriteAheadFlowFileRepository Initiating checkpoint of FlowFile Repository
2023-05-19 06:59:34,839 INFO [pool-10-thread-1] o.a.n.c.r.WriteAheadFlowFileRepository Successfully checkpointed FlowFile Repository with 24 records in 0 milliseconds
2023-05-19 06:59:54,840 INFO [pool-10-thread-1] o.a.n.c.r.WriteAheadFlowFileRepository Initiating checkpoint of FlowFile Repository
2023-05-19 06:59:54,840 INFO [pool-10-thread-1] o.a.n.c.r.WriteAheadFlowFileRepository Successfully checkpointed FlowFile Repository with 24 records in 0 milliseconds
