2023-05-19 19:00:02,389 INFO [Heartbeat Monitor Thread-1] o.a.n.c.c.h.AbstractHeartbeatMonitor Finished processing 1 heartbeats in 12300 nanos
2023-05-19 19:00:02,534 INFO [Process Cluster Protocol Request-38] o.a.n.c.p.impl.SocketProtocolListener Finished processing request 02edb26f-3b8d-4e2f-a628-4af1464f1809 (type=HEARTBEAT, length=2235 bytes) from mynifi:8080 in 16 millis
2023-05-19 19:00:02,544 INFO [Clustering Tasks Thread-1] o.a.n.c.c.ClusterProtocolHeartbeater Heartbeat created at 2023-05-19 19:00:02,515 and sent to mynifi:8082 at 2023-05-19 19:00:02,544; determining Cluster Coordinator took 2 millis; DNS lookup for coordinator took 0 millis; connecting to coordinator took 0 millis; sending heartbeat took 0 millis; receiving first byte from response took 16 millis; receiving full response took 25 millis; total time was 28 millis
2023-05-19 19:00:07,390 INFO [Heartbeat Monitor Thread-1] o.a.n.c.c.h.AbstractHeartbeatMonitor Finished processing 1 heartbeats in 13687 nanos
2023-05-19 19:00:07,559 INFO [Process Cluster Protocol Request-39] o.a.n.c.p.impl.SocketProtocolListener Finished processing request 96f5c51f-2f04-4e1d-89f4-45a92b97225f (type=HEARTBEAT, length=2235 bytes) from mynifi:8080 in 4 millis
2023-05-19 19:00:07,563 INFO [Clustering Tasks Thread-3] o.a.n.c.c.ClusterProtocolHeartbeater Heartbeat created at 2023-05-19 19:00:07,545 and sent to mynifi:8082 at 2023-05-19 19:00:07,563; determining Cluster Coordinator took 9 millis; DNS lookup for coordinator took 0 millis; connecting to coordinator took 1 millis; sending heartbeat took 0 millis; receiving first byte from response took 4 millis; receiving full response took 6 millis; total time was 17 millis
2023-05-19 19:00:12,391 INFO [Heartbeat Monitor Thread-1] o.a.n.c.c.h.AbstractHeartbeatMonitor Finished processing 1 heartbeats in 15688 nanos
2023-05-19 19:00:12,570 INFO [Process Cluster Protocol Request-40] o.a.n.c.p.impl.SocketProtocolListener Finished processing request 539df550-a5d5-4444-b8c9-428a46cb2a44 (type=HEARTBEAT, length=2235 bytes) from mynifi:8080 in 2 millis
2023-05-19 19:00:12,572 INFO [Clustering Tasks Thread-3] o.a.n.c.c.ClusterProtocolHeartbeater Heartbeat created at 2023-05-19 19:00:12,563 and sent to mynifi:8082 at 2023-05-19 19:00:12,572; determining Cluster Coordinator took 2 millis; DNS lookup for coordinator took 1 millis; connecting to coordinator took 0 millis; sending heartbeat took 0 millis; receiving first byte from response took 2 millis; receiving full response took 4 millis; total time was 8 millis
2023-05-19 19:00:17,393 INFO [Heartbeat Monitor Thread-1] o.a.n.c.c.h.AbstractHeartbeatMonitor Finished processing 1 heartbeats in 14328 nanos
2023-05-19 19:00:17,587 INFO [Process Cluster Protocol Request-41] o.a.n.c.p.impl.SocketProtocolListener Finished processing request 10c05b29-d772-4e00-b432-aec8f8d5999f (type=HEARTBEAT, length=2235 bytes) from mynifi:8080 in 6 millis
2023-05-19 19:00:17,596 INFO [Clustering Tasks Thread-1] o.a.n.c.c.ClusterProtocolHeartbeater Heartbeat created at 2023-05-19 19:00:17,573 and sent to mynifi:8082 at 2023-05-19 19:00:17,596; determining Cluster Coordinator took 6 millis; DNS lookup for coordinator took 0 millis; connecting to coordinator took 0 millis; sending heartbeat took 1 millis; receiving first byte from response took 6 millis; receiving full response took 13 millis; total time was 22 millis
2023-05-19 19:00:17,970 INFO [pool-10-thread-1] o.a.n.c.r.WriteAheadFlowFileRepository Initiating checkpoint of FlowFile Repository
2023-05-19 19:00:17,970 INFO [pool-10-thread-1] o.a.n.c.r.WriteAheadFlowFileRepository Successfully checkpointed FlowFile Repository with 0 records in 0 milliseconds
2023-05-19 19:00:22,394 INFO [Heartbeat Monitor Thread-1] o.a.n.c.c.h.AbstractHeartbeatMonitor Finished processing 1 heartbeats in 27428 nanos
2023-05-19 19:00:22,613 INFO [Clustering Tasks Thread-2] o.a.n.c.c.ClusterProtocolHeartbeater Heartbeat created at 2023-05-19 19:00:22,597 and sent to mynifi:8082 at 2023-05-19 19:00:22,613; determining Cluster Coordinator took 4 millis; DNS lookup for coordinator took 0 millis; connecting to coordinator took 1 millis; sending heartbeat took 0 millis; receiving first byte from response took 7 millis; receiving full response took 9 millis; total time was 15 millis
2023-05-19 19:00:22,613 INFO [Process Cluster Protocol Request-42] o.a.n.c.p.impl.SocketProtocolListener Finished processing request 1bbf1c03-544f-4ea0-bff4-5286289dfc97 (type=HEARTBEAT, length=2235 bytes) from mynifi:8080 in 10 millis
2023-05-19 19:00:27,401 INFO [Heartbeat Monitor Thread-1] o.a.n.c.c.h.AbstractHeartbeatMonitor Finished processing 1 heartbeats in 24452 nanos
2023-05-19 19:00:27,633 INFO [Clustering Tasks Thread-2] o.a.n.c.c.ClusterProtocolHeartbeater Heartbeat created at 2023-05-19 19:00:27,618 and sent to mynifi:8082 at 2023-05-19 19:00:27,633; determining Cluster Coordinator took 4 millis; DNS lookup for coordinator took 0 millis; connecting to coordinator took 0 millis; sending heartbeat took 1 millis; receiving first byte from response took 6 millis; receiving full response took 8 millis; total time was 14 millis
2023-05-19 19:00:27,634 INFO [Process Cluster Protocol Request-43] o.a.n.c.p.impl.SocketProtocolListener Finished processing request 4f5315f1-3bc9-4305-aef6-cc5d2c1b4959 (type=HEARTBEAT, length=2235 bytes) from mynifi:8080 in 9 millis
2023-05-19 19:00:32,403 INFO [Heartbeat Monitor Thread-1] o.a.n.c.c.h.AbstractHeartbeatMonitor Finished processing 1 heartbeats in 24557 nanos
2023-05-19 19:00:32,646 INFO [Process Cluster Protocol Request-44] o.a.n.c.p.impl.SocketProtocolListener Finished processing request 385e3bfd-9fe0-40aa-a307-dd8505fa5d60 (type=HEARTBEAT, length=2235 bytes) from mynifi:8080 in 6 millis
2023-05-19 19:00:32,648 INFO [Clustering Tasks Thread-1] o.a.n.c.c.ClusterProtocolHeartbeater Heartbeat created at 2023-05-19 19:00:32,635 and sent to mynifi:8082 at 2023-05-19 19:00:32,648; determining Cluster Coordinator took 3 millis; DNS lookup for coordinator took 0 millis; connecting to coordinator took 0 millis; sending heartbeat took 1 millis; receiving first byte from response took 5 millis; receiving full response took 6 millis; total time was 12 millis
2023-05-19 19:00:37,406 INFO [Heartbeat Monitor Thread-1] o.a.n.c.c.h.AbstractHeartbeatMonitor Finished processing 1 heartbeats in 24466 nanos
2023-05-19 19:00:37,662 INFO [Process Cluster Protocol Request-45] o.a.n.c.p.impl.SocketProtocolListener Finished processing request d8f1d3dc-5dbf-42ac-98e5-3b840006c8d7 (type=HEARTBEAT, length=2235 bytes) from mynifi:8080 in 7 millis
2023-05-19 19:00:37,671 INFO [Clustering Tasks Thread-1] o.a.n.c.c.ClusterProtocolHeartbeater Heartbeat created at 2023-05-19 19:00:37,649 and sent to mynifi:8082 at 2023-05-19 19:00:37,671; determining Cluster Coordinator took 4 millis; DNS lookup for coordinator took 0 millis; connecting to coordinator took 0 millis; sending heartbeat took 1 millis; receiving first byte from response took 7 millis; receiving full response took 10 millis; total time was 22 millis
2023-05-19 19:00:37,971 INFO [pool-10-thread-1] o.a.n.c.r.WriteAheadFlowFileRepository Initiating checkpoint of FlowFile Repository
2023-05-19 19:00:37,971 INFO [pool-10-thread-1] o.a.n.c.r.WriteAheadFlowFileRepository Successfully checkpointed FlowFile Repository with 0 records in 0 milliseconds
2023-05-19 19:00:42,407 INFO [Heartbeat Monitor Thread-1] o.a.n.c.c.h.AbstractHeartbeatMonitor Finished processing 1 heartbeats in 25499 nanos
2023-05-19 19:00:42,695 INFO [Clustering Tasks Thread-1] o.a.n.c.c.ClusterProtocolHeartbeater Heartbeat created at 2023-05-19 19:00:42,674 and sent to mynifi:8082 at 2023-05-19 19:00:42,695; determining Cluster Coordinator took 5 millis; DNS lookup for coordinator took 0 millis; connecting to coordinator took 1 millis; sending heartbeat took 0 millis; receiving first byte from response took 10 millis; receiving full response took 12 millis; total time was 21 millis
2023-05-19 19:00:42,696 INFO [Process Cluster Protocol Request-46] o.a.n.c.p.impl.SocketProtocolListener Finished processing request 41708b4f-17cc-4d27-9fbf-246bf6f0ee7b (type=HEARTBEAT, length=2235 bytes) from mynifi:8080 in 14 millis
2023-05-19 19:00:44,008 INFO [Cleanup Archive for default] o.a.n.c.repository.FileSystemRepository Successfully deleted 0 files (0 bytes) from archive
2023-05-19 19:00:44,009 INFO [Cleanup Archive for default] o.a.n.c.repository.FileSystemRepository Archive cleanup completed for container default; will now allow writing to this container. Bytes used = 31.11 GB, bytes free = 8.87 GB, capacity = 39.98 GB
2023-05-19 19:00:47,408 INFO [Heartbeat Monitor Thread-1] o.a.n.c.c.h.AbstractHeartbeatMonitor Finished processing 1 heartbeats in 25669 nanos
2023-05-19 19:00:47,716 INFO [Process Cluster Protocol Request-47] o.a.n.c.p.impl.SocketProtocolListener Finished processing request 29b85279-abe4-4be3-9813-62d4a8b8fccb (type=HEARTBEAT, length=2235 bytes) from mynifi:8080 in 12 millis
2023-05-19 19:00:47,727 INFO [Clustering Tasks Thread-3] o.a.n.c.c.ClusterProtocolHeartbeater Heartbeat created at 2023-05-19 19:00:47,697 and sent to mynifi:8082 at 2023-05-19 19:00:47,727; determining Cluster Coordinator took 5 millis; DNS lookup for coordinator took 0 millis; connecting to coordinator took 1 millis; sending heartbeat took 0 millis; receiving first byte from response took 13 millis; receiving full response took 22 millis; total time was 30 millis
2023-05-19 19:00:52,418 INFO [Heartbeat Monitor Thread-1] o.a.n.c.c.h.AbstractHeartbeatMonitor Finished processing 1 heartbeats in 18761 nanos
2023-05-19 19:00:52,743 INFO [Process Cluster Protocol Request-48] o.a.n.c.p.impl.SocketProtocolListener Finished processing request 4ccd83d7-8d79-4c8c-a0dd-559e3912bb3d (type=HEARTBEAT, length=2235 bytes) from mynifi:8080 in 7 millis
2023-05-19 19:00:52,756 INFO [Clustering Tasks Thread-2] o.a.n.c.c.ClusterProtocolHeartbeater Heartbeat created at 2023-05-19 19:00:52,729 and sent to mynifi:8082 at 2023-05-19 19:00:52,756; determining Cluster Coordinator took 5 millis; DNS lookup for coordinator took 0 millis; connecting to coordinator took 0 millis; sending heartbeat took 1 millis; receiving first byte from response took 7 millis; receiving full response took 17 millis; total time was 26 millis
2023-05-19 19:00:57,418 INFO [Heartbeat Monitor Thread-1] o.a.n.c.c.h.AbstractHeartbeatMonitor Finished processing 1 heartbeats in 17272 nanos
2023-05-19 19:00:57,782 INFO [Process Cluster Protocol Request-49] o.a.n.c.p.impl.SocketProtocolListener Finished processing request a922ab6c-9ab8-4bca-9a89-f4fae5d24bad (type=HEARTBEAT, length=2235 bytes) from mynifi:8080 in 17 millis
2023-05-19 19:00:57,787 INFO [Clustering Tasks Thread-1] o.a.n.c.c.ClusterProtocolHeartbeater Heartbeat created at 2023-05-19 19:00:57,758 and sent to mynifi:8082 at 2023-05-19 19:00:57,787; determining Cluster Coordinator took 5 millis; DNS lookup for coordinator took 0 millis; connecting to coordinator took 1 millis; sending heartbeat took 0 millis; receiving first byte from response took 18 millis; receiving full response took 21 millis; total time was 29 millis
2023-05-19 19:00:57,975 INFO [pool-10-thread-1] o.a.n.c.r.WriteAheadFlowFileRepository Initiating checkpoint of FlowFile Repository
2023-05-19 19:00:57,975 INFO [pool-10-thread-1] o.a.n.c.r.WriteAheadFlowFileRepository Successfully checkpointed FlowFile Repository with 0 records in 0 milliseconds
2023-05-19 19:01:02,422 INFO [Heartbeat Monitor Thread-1] o.a.n.c.c.h.AbstractHeartbeatMonitor Finished processing 1 heartbeats in 21432 nanos
2023-05-19 19:01:02,807 INFO [Process Cluster Protocol Request-50] o.a.n.c.p.impl.SocketProtocolListener Finished processing request 92f8bf81-2400-460c-8f6a-fe4743f24a4b (type=HEARTBEAT, length=2235 bytes) from mynifi:8080 in 7 millis
2023-05-19 19:01:02,813 INFO [Clustering Tasks Thread-1] o.a.n.c.c.ClusterProtocolHeartbeater Heartbeat created at 2023-05-19 19:01:02,792 and sent to mynifi:8082 at 2023-05-19 19:01:02,813; determining Cluster Coordinator took 5 millis; DNS lookup for coordinator took 0 millis; connecting to coordinator took 1 millis; sending heartbeat took 2 millis; receiving first byte from response took 7 millis; receiving full response took 10 millis; total time was 20 millis
2023-05-19 19:01:07,424 INFO [Heartbeat Monitor Thread-1] o.a.n.c.c.h.AbstractHeartbeatMonitor Finished processing 1 heartbeats in 15254 nanos
2023-05-19 19:01:07,819 INFO [Process Cluster Protocol Request-1] o.a.n.c.p.impl.SocketProtocolListener Finished processing request 2df9ff80-998d-49b5-94a9-bf7063a68e9e (type=HEARTBEAT, length=2235 bytes) from mynifi:8080 in 3 millis
2023-05-19 19:01:07,822 INFO [Clustering Tasks Thread-2] o.a.n.c.c.ClusterProtocolHeartbeater Heartbeat created at 2023-05-19 19:01:07,814 and sent to mynifi:8082 at 2023-05-19 19:01:07,821; determining Cluster Coordinator took 1 millis; DNS lookup for coordinator took 0 millis; connecting to coordinator took 1 millis; sending heartbeat took 0 millis; receiving first byte from response took 3 millis; receiving full response took 5 millis; total time was 7 millis
2023-05-19 19:01:12,430 INFO [Heartbeat Monitor Thread-1] o.a.n.c.c.h.AbstractHeartbeatMonitor Finished processing 1 heartbeats in 24481 nanos
2023-05-19 19:01:12,840 INFO [Clustering Tasks Thread-2] o.a.n.c.c.ClusterProtocolHeartbeater Heartbeat created at 2023-05-19 19:01:12,822 and sent to mynifi:8082 at 2023-05-19 19:01:12,840; determining Cluster Coordinator took 5 millis; DNS lookup for coordinator took 0 millis; connecting to coordinator took 1 millis; sending heartbeat took 0 millis; receiving first byte from response took 6 millis; receiving full response took 9 millis; total time was 17 millis
2023-05-19 19:01:12,840 INFO [Process Cluster Protocol Request-2] o.a.n.c.p.impl.SocketProtocolListener Finished processing request de634d59-4642-4cd8-85cb-691bf462e264 (type=HEARTBEAT, length=2235 bytes) from mynifi:8080 in 11 millis
2023-05-19 19:01:17,431 INFO [Heartbeat Monitor Thread-1] o.a.n.c.c.h.AbstractHeartbeatMonitor Finished processing 1 heartbeats in 13240 nanos
2023-05-19 19:01:17,850 INFO [Process Cluster Protocol Request-3] o.a.n.c.p.impl.SocketProtocolListener Finished processing request cc0324f4-bfaf-49fa-a244-d9cf931c9175 (type=HEARTBEAT, length=2235 bytes) from mynifi:8080 in 5 millis
2023-05-19 19:01:17,852 INFO [Clustering Tasks Thread-1] o.a.n.c.c.ClusterProtocolHeartbeater Heartbeat created at 2023-05-19 19:01:17,841 and sent to mynifi:8082 at 2023-05-19 19:01:17,852; determining Cluster Coordinator took 1 millis; DNS lookup for coordinator took 0 millis; connecting to coordinator took 1 millis; sending heartbeat took 0 millis; receiving first byte from response took 4 millis; receiving full response took 6 millis; total time was 10 millis
2023-05-19 19:01:17,975 INFO [pool-10-thread-1] o.a.n.c.r.WriteAheadFlowFileRepository Initiating checkpoint of FlowFile Repository
2023-05-19 19:01:17,976 INFO [pool-10-thread-1] o.a.n.c.r.WriteAheadFlowFileRepository Successfully checkpointed FlowFile Repository with 0 records in 0 milliseconds
2023-05-19 19:01:22,432 INFO [Heartbeat Monitor Thread-1] o.a.n.c.c.h.AbstractHeartbeatMonitor Finished processing 1 heartbeats in 21270 nanos
2023-05-19 19:01:22,868 INFO [Clustering Tasks Thread-1] o.a.n.c.c.ClusterProtocolHeartbeater Heartbeat created at 2023-05-19 19:01:22,853 and sent to mynifi:8082 at 2023-05-19 19:01:22,868; determining Cluster Coordinator took 2 millis; DNS lookup for coordinator took 0 millis; connecting to coordinator took 0 millis; sending heartbeat took 1 millis; receiving first byte from response took 10 millis; receiving full response took 11 millis; total time was 15 millis
2023-05-19 19:01:22,869 INFO [Process Cluster Protocol Request-4] o.a.n.c.p.impl.SocketProtocolListener Finished processing request 004613f7-ccdd-482f-b9d9-7d1bced05104 (type=HEARTBEAT, length=2235 bytes) from mynifi:8080 in 10 millis
2023-05-19 19:01:27,433 INFO [Heartbeat Monitor Thread-1] o.a.n.c.c.h.AbstractHeartbeatMonitor Finished processing 1 heartbeats in 24186 nanos
2023-05-19 19:01:27,889 INFO [Clustering Tasks Thread-2] o.a.n.c.c.ClusterProtocolHeartbeater Heartbeat created at 2023-05-19 19:01:27,869 and sent to mynifi:8082 at 2023-05-19 19:01:27,889; determining Cluster Coordinator took 4 millis; DNS lookup for coordinator took 0 millis; connecting to coordinator took 1 millis; sending heartbeat took 0 millis; receiving first byte from response took 9 millis; receiving full response took 11 millis; total time was 19 millis
2023-05-19 19:01:27,890 INFO [Process Cluster Protocol Request-5] o.a.n.c.p.impl.SocketProtocolListener Finished processing request da85594c-7c1a-4d7a-afe1-56cafa62b586 (type=HEARTBEAT, length=2235 bytes) from mynifi:8080 in 13 millis
2023-05-19 19:01:32,433 INFO [Heartbeat Monitor Thread-1] o.a.n.c.c.h.AbstractHeartbeatMonitor Finished processing 1 heartbeats in 67717 nanos
2023-05-19 19:01:32,895 INFO [Process Cluster Protocol Request-6] o.a.n.c.p.impl.SocketProtocolListener Finished processing request c9892118-13cf-49a2-9163-90f848745aac (type=HEARTBEAT, length=2235 bytes) from mynifi:8080 in 2 millis
2023-05-19 19:01:32,897 INFO [Clustering Tasks Thread-2] o.a.n.c.c.ClusterProtocolHeartbeater Heartbeat created at 2023-05-19 19:01:32,891 and sent to mynifi:8082 at 2023-05-19 19:01:32,897; determining Cluster Coordinator took 1 millis; DNS lookup for coordinator took 0 millis; connecting to coordinator took 0 millis; sending heartbeat took 0 millis; receiving first byte from response took 3 millis; receiving full response took 4 millis; total time was 6 millis
2023-05-19 19:01:36,550 INFO [Write-Ahead Local State Provider Maintenance] org.wali.MinimalLockingWriteAheadLog org.wali.MinimalLockingWriteAheadLog@68aa1164 checkpointed with 21 Records and 0 Swap Files in 42 milliseconds (Stop-the-world time = 2 milliseconds, Clear Edit Logs time = 2 millis), max Transaction ID 233
2023-05-19 19:01:37,434 INFO [Heartbeat Monitor Thread-1] o.a.n.c.c.h.AbstractHeartbeatMonitor Finished processing 1 heartbeats in 13425 nanos
2023-05-19 19:01:37,903 INFO [Process Cluster Protocol Request-7] o.a.n.c.p.impl.SocketProtocolListener Finished processing request 5c274015-a031-4d0a-a76b-02e036aaf843 (type=HEARTBEAT, length=2235 bytes) from mynifi:8080 in 2 millis
2023-05-19 19:01:37,905 INFO [Clustering Tasks Thread-1] o.a.n.c.c.ClusterProtocolHeartbeater Heartbeat created at 2023-05-19 19:01:37,898 and sent to mynifi:8082 at 2023-05-19 19:01:37,905; determining Cluster Coordinator took 2 millis; DNS lookup for coordinator took 0 millis; connecting to coordinator took 0 millis; sending heartbeat took 0 millis; receiving first byte from response took 4 millis; receiving full response took 4 millis; total time was 7 millis
2023-05-19 19:01:37,976 INFO [pool-10-thread-1] o.a.n.c.r.WriteAheadFlowFileRepository Initiating checkpoint of FlowFile Repository
2023-05-19 19:01:37,976 INFO [pool-10-thread-1] o.a.n.c.r.WriteAheadFlowFileRepository Successfully checkpointed FlowFile Repository with 0 records in 0 milliseconds
2023-05-19 19:01:42,434 INFO [Heartbeat Monitor Thread-1] o.a.n.c.c.h.AbstractHeartbeatMonitor Finished processing 1 heartbeats in 19840 nanos
2023-05-19 19:01:42,913 INFO [Process Cluster Protocol Request-8] o.a.n.c.p.impl.SocketProtocolListener Finished processing request 5aa88f9c-ee7f-45e1-b522-6296502c6089 (type=HEARTBEAT, length=2235 bytes) from mynifi:8080 in 2 millis
2023-05-19 19:01:42,923 INFO [Clustering Tasks Thread-1] o.a.n.c.c.ClusterProtocolHeartbeater Heartbeat created at 2023-05-19 19:01:42,906 and sent to mynifi:8082 at 2023-05-19 19:01:42,923; determining Cluster Coordinator took 4 millis; DNS lookup for coordinator took 1 millis; connecting to coordinator took 0 millis; sending heartbeat took 0 millis; receiving first byte from response took 3 millis; receiving full response took 4 millis; total time was 9 millis
2023-05-19 19:01:44,017 INFO [Cleanup Archive for default] o.a.n.c.repository.FileSystemRepository Successfully deleted 0 files (0 bytes) from archive
2023-05-19 19:01:44,017 INFO [Cleanup Archive for default] o.a.n.c.repository.FileSystemRepository Archive cleanup completed for container default; will now allow writing to this container. Bytes used = 31.11 GB, bytes free = 8.87 GB, capacity = 39.98 GB
2023-05-19 19:01:47,435 INFO [Heartbeat Monitor Thread-1] o.a.n.c.c.h.AbstractHeartbeatMonitor Finished processing 1 heartbeats in 15185 nanos
2023-05-19 19:01:47,928 INFO [Process Cluster Protocol Request-9] o.a.n.c.p.impl.SocketProtocolListener Finished processing request 5ef21ef8-a9ae-46d4-9675-58b95a711eb3 (type=HEARTBEAT, length=2235 bytes) from mynifi:8080 in 2 millis
2023-05-19 19:01:47,930 INFO [Clustering Tasks Thread-2] o.a.n.c.c.ClusterProtocolHeartbeater Heartbeat created at 2023-05-19 19:01:47,923 and sent to mynifi:8082 at 2023-05-19 19:01:47,930; determining Cluster Coordinator took 1 millis; DNS lookup for coordinator took 0 millis; connecting to coordinator took 1 millis; sending heartbeat took 0 millis; receiving first byte from response took 3 millis; receiving full response took 3 millis; total time was 6 millis
2023-05-19 19:01:52,436 INFO [Heartbeat Monitor Thread-1] o.a.n.c.c.h.AbstractHeartbeatMonitor Finished processing 1 heartbeats in 13685 nanos
2023-05-19 19:01:52,939 INFO [Process Cluster Protocol Request-10] o.a.n.c.p.impl.SocketProtocolListener Finished processing request 3efab7b8-5e9a-4b06-a725-2783fba9eb4a (type=HEARTBEAT, length=2235 bytes) from mynifi:8080 in 3 millis
2023-05-19 19:01:52,943 INFO [Clustering Tasks Thread-2] o.a.n.c.c.ClusterProtocolHeartbeater Heartbeat created at 2023-05-19 19:01:52,932 and sent to mynifi:8082 at 2023-05-19 19:01:52,943; determining Cluster Coordinator took 3 millis; DNS lookup for coordinator took 0 millis; connecting to coordinator took 0 millis; sending heartbeat took 0 millis; receiving first byte from response took 4 millis; receiving full response took 7 millis; total time was 11 millis
2023-05-19 19:01:57,438 INFO [Heartbeat Monitor Thread-1] o.a.n.c.c.h.AbstractHeartbeatMonitor Finished processing 1 heartbeats in 16467 nanos
2023-05-19 19:01:57,949 INFO [Process Cluster Protocol Request-11] o.a.n.c.p.impl.SocketProtocolListener Finished processing request 30d30c14-6aba-408a-90be-b9e9004d5409 (type=HEARTBEAT, length=2235 bytes) from mynifi:8080 in 2 millis
2023-05-19 19:01:57,953 INFO [Clustering Tasks Thread-1] o.a.n.c.c.ClusterProtocolHeartbeater Heartbeat created at 2023-05-19 19:01:57,943 and sent to mynifi:8082 at 2023-05-19 19:01:57,953; determining Cluster Coordinator took 2 millis; DNS lookup for coordinator took 0 millis; connecting to coordinator took 0 millis; sending heartbeat took 0 millis; receiving first byte from response took 3 millis; receiving full response took 6 millis; total time was 10 millis
2023-05-19 19:01:57,977 INFO [pool-10-thread-1] o.a.n.c.r.WriteAheadFlowFileRepository Initiating checkpoint of FlowFile Repository
2023-05-19 19:01:57,977 INFO [pool-10-thread-1] o.a.n.c.r.WriteAheadFlowFileRepository Successfully checkpointed FlowFile Repository with 0 records in 0 milliseconds
2023-05-19 19:02:02,438 INFO [Heartbeat Monitor Thread-1] o.a.n.c.c.h.AbstractHeartbeatMonitor Finished processing 1 heartbeats in 17508 nanos
2023-05-19 19:02:02,966 INFO [Process Cluster Protocol Request-12] o.a.n.c.p.impl.SocketProtocolListener Finished processing request 6027fa8f-5d51-474f-8d32-f1c9b2303bd9 (type=HEARTBEAT, length=2235 bytes) from mynifi:8080 in 3 millis
2023-05-19 19:02:02,968 INFO [Clustering Tasks Thread-1] o.a.n.c.c.ClusterProtocolHeartbeater Heartbeat created at 2023-05-19 19:02:02,959 and sent to mynifi:8082 at 2023-05-19 19:02:02,968; determining Cluster Coordinator took 2 millis; DNS lookup for coordinator took 0 millis; connecting to coordinator took 0 millis; sending heartbeat took 0 millis; receiving first byte from response took 4 millis; receiving full response took 5 millis; total time was 8 millis
2023-05-19 19:02:07,439 INFO [Heartbeat Monitor Thread-1] o.a.n.c.c.h.AbstractHeartbeatMonitor Finished processing 1 heartbeats in 13709 nanos
2023-05-19 19:02:07,973 INFO [Process Cluster Protocol Request-13] o.a.n.c.p.impl.SocketProtocolListener Finished processing request 7af79782-0f2e-491a-bc01-310b4949a8f5 (type=HEARTBEAT, length=2235 bytes) from mynifi:8080 in 2 millis
2023-05-19 19:02:07,975 INFO [Clustering Tasks Thread-2] o.a.n.c.c.ClusterProtocolHeartbeater Heartbeat created at 2023-05-19 19:02:07,968 and sent to mynifi:8082 at 2023-05-19 19:02:07,975; determining Cluster Coordinator took 1 millis; DNS lookup for coordinator took 0 millis; connecting to coordinator took 0 millis; sending heartbeat took 0 millis; receiving first byte from response took 3 millis; receiving full response took 4 millis; total time was 6 millis
2023-05-19 19:02:12,440 INFO [Heartbeat Monitor Thread-1] o.a.n.c.c.h.AbstractHeartbeatMonitor Finished processing 1 heartbeats in 12922 nanos
2023-05-19 19:02:12,982 INFO [Process Cluster Protocol Request-14] o.a.n.c.p.impl.SocketProtocolListener Finished processing request 31e18215-eef0-4dca-8fbf-cb7a8b5f6e07 (type=HEARTBEAT, length=2235 bytes) from mynifi:8080 in 3 millis
2023-05-19 19:02:12,988 INFO [Clustering Tasks Thread-2] o.a.n.c.c.ClusterProtocolHeartbeater Heartbeat created at 2023-05-19 19:02:12,975 and sent to mynifi:8082 at 2023-05-19 19:02:12,988; determining Cluster Coordinator took 2 millis; DNS lookup for coordinator took 1 millis; connecting to coordinator took 0 millis; sending heartbeat took 0 millis; receiving first byte from response took 3 millis; receiving full response took 8 millis; total time was 12 millis
2023-05-19 19:02:17,440 INFO [Heartbeat Monitor Thread-1] o.a.n.c.c.h.AbstractHeartbeatMonitor Finished processing 1 heartbeats in 13730 nanos
2023-05-19 19:02:17,977 INFO [pool-10-thread-1] o.a.n.c.r.WriteAheadFlowFileRepository Initiating checkpoint of FlowFile Repository
2023-05-19 19:02:17,977 INFO [pool-10-thread-1] o.a.n.c.r.WriteAheadFlowFileRepository Successfully checkpointed FlowFile Repository with 0 records in 0 milliseconds
2023-05-19 19:02:17,994 INFO [Process Cluster Protocol Request-15] o.a.n.c.p.impl.SocketProtocolListener Finished processing request cd6ccf7f-9be2-480e-ab5b-0fb4a3a3fd9b (type=HEARTBEAT, length=2235 bytes) from mynifi:8080 in 2 millis
2023-05-19 19:02:17,997 INFO [Clustering Tasks Thread-2] o.a.n.c.c.ClusterProtocolHeartbeater Heartbeat created at 2023-05-19 19:02:17,989 and sent to mynifi:8082 at 2023-05-19 19:02:17,997; determining Cluster Coordinator took 1 millis; DNS lookup for coordinator took 0 millis; connecting to coordinator took 0 millis; sending heartbeat took 0 millis; receiving first byte from response took 3 millis; receiving full response took 4 millis; total time was 7 millis
2023-05-19 19:02:22,440 INFO [Heartbeat Monitor Thread-1] o.a.n.c.c.h.AbstractHeartbeatMonitor Finished processing 1 heartbeats in 15573 nanos
2023-05-19 19:02:23,003 INFO [Process Cluster Protocol Request-16] o.a.n.c.p.impl.SocketProtocolListener Finished processing request 09568dbb-73ca-4eb7-bff6-06acb4a3a879 (type=HEARTBEAT, length=2235 bytes) from mynifi:8080 in 2 millis
2023-05-19 19:02:23,006 INFO [Clustering Tasks Thread-3] o.a.n.c.c.ClusterProtocolHeartbeater Heartbeat created at 2023-05-19 19:02:22,997 and sent to mynifi:8082 at 2023-05-19 19:02:23,006; determining Cluster Coordinator took 2 millis; DNS lookup for coordinator took 0 millis; connecting to coordinator took 0 millis; sending heartbeat took 1 millis; receiving first byte from response took 2 millis; receiving full response took 4 millis; total time was 8 millis
2023-05-19 19:02:27,441 INFO [Heartbeat Monitor Thread-1] o.a.n.c.c.h.AbstractHeartbeatMonitor Finished processing 1 heartbeats in 18781 nanos
2023-05-19 19:02:28,036 INFO [Process Cluster Protocol Request-17] o.a.n.c.p.impl.SocketProtocolListener Finished processing request ec77afb2-2709-47c2-98c7-772f3695b2b2 (type=HEARTBEAT, length=2235 bytes) from mynifi:8080 in 13 millis
2023-05-19 19:02:28,039 INFO [Clustering Tasks Thread-3] o.a.n.c.c.ClusterProtocolHeartbeater Heartbeat created at 2023-05-19 19:02:28,006 and sent to mynifi:8082 at 2023-05-19 19:02:28,039; determining Cluster Coordinator took 15 millis; DNS lookup for coordinator took 0 millis; connecting to coordinator took 0 millis; sending heartbeat took 0 millis; receiving first byte from response took 14 millis; receiving full response took 16 millis; total time was 32 millis
2023-05-19 19:02:32,441 INFO [Heartbeat Monitor Thread-1] o.a.n.c.c.h.AbstractHeartbeatMonitor Finished processing 1 heartbeats in 13221 nanos
2023-05-19 19:02:33,051 INFO [Process Cluster Protocol Request-18] o.a.n.c.p.impl.SocketProtocolListener Finished processing request edf00c73-591e-4415-a7e6-93b3f2a6e714 (type=HEARTBEAT, length=2235 bytes) from mynifi:8080 in 6 millis
2023-05-19 19:02:33,056 INFO [Clustering Tasks Thread-2] o.a.n.c.c.ClusterProtocolHeartbeater Heartbeat created at 2023-05-19 19:02:33,040 and sent to mynifi:8082 at 2023-05-19 19:02:33,056; determining Cluster Coordinator took 4 millis; DNS lookup for coordinator took 0 millis; connecting to coordinator took 1 millis; sending heartbeat took 0 millis; receiving first byte from response took 6 millis; receiving full response took 9 millis; total time was 15 millis
2023-05-19 19:02:37,442 INFO [Heartbeat Monitor Thread-1] o.a.n.c.c.h.AbstractHeartbeatMonitor Finished processing 1 heartbeats in 13129 nanos
2023-05-19 19:02:37,977 INFO [pool-10-thread-1] o.a.n.c.r.WriteAheadFlowFileRepository Initiating checkpoint of FlowFile Repository
2023-05-19 19:02:37,978 INFO [pool-10-thread-1] o.a.n.c.r.WriteAheadFlowFileRepository Successfully checkpointed FlowFile Repository with 0 records in 0 milliseconds
2023-05-19 19:02:38,064 INFO [Process Cluster Protocol Request-19] o.a.n.c.p.impl.SocketProtocolListener Finished processing request 6e4d156f-1e71-4972-98df-536ef13a7bc6 (type=HEARTBEAT, length=2235 bytes) from mynifi:8080 in 3 millis
2023-05-19 19:02:38,068 INFO [Clustering Tasks Thread-2] o.a.n.c.c.ClusterProtocolHeartbeater Heartbeat created at 2023-05-19 19:02:38,056 and sent to mynifi:8082 at 2023-05-19 19:02:38,068; determining Cluster Coordinator took 3 millis; DNS lookup for coordinator took 0 millis; connecting to coordinator took 0 millis; sending heartbeat took 0 millis; receiving first byte from response took 3 millis; receiving full response took 5 millis; total time was 11 millis
2023-05-19 19:02:42,442 INFO [Heartbeat Monitor Thread-1] o.a.n.c.c.h.AbstractHeartbeatMonitor Finished processing 1 heartbeats in 12803 nanos
2023-05-19 19:02:43,073 INFO [Process Cluster Protocol Request-20] o.a.n.c.p.impl.SocketProtocolListener Finished processing request d3b500ee-415c-42a0-941e-2ea8cad6307f (type=HEARTBEAT, length=2235 bytes) from mynifi:8080 in 2 millis
2023-05-19 19:02:43,075 INFO [Clustering Tasks Thread-3] o.a.n.c.c.ClusterProtocolHeartbeater Heartbeat created at 2023-05-19 19:02:43,068 and sent to mynifi:8082 at 2023-05-19 19:02:43,075; determining Cluster Coordinator took 1 millis; DNS lookup for coordinator took 0 millis; connecting to coordinator took 0 millis; sending heartbeat took 0 millis; receiving first byte from response took 3 millis; receiving full response took 5 millis; total time was 7 millis
2023-05-19 19:02:44,023 INFO [Cleanup Archive for default] o.a.n.c.repository.FileSystemRepository Successfully deleted 0 files (0 bytes) from archive
2023-05-19 19:02:44,023 INFO [Cleanup Archive for default] o.a.n.c.repository.FileSystemRepository Archive cleanup completed for container default; will now allow writing to this container. Bytes used = 31.11 GB, bytes free = 8.87 GB, capacity = 39.98 GB
2023-05-19 19:02:47,446 INFO [Heartbeat Monitor Thread-1] o.a.n.c.c.h.AbstractHeartbeatMonitor Finished processing 1 heartbeats in 13254 nanos
2023-05-19 19:02:48,084 INFO [Process Cluster Protocol Request-21] o.a.n.c.p.impl.SocketProtocolListener Finished processing request 01baf54e-382c-4424-a344-2d19752f1a2b (type=HEARTBEAT, length=2235 bytes) from mynifi:8080 in 2 millis
2023-05-19 19:02:48,085 INFO [Clustering Tasks Thread-3] o.a.n.c.c.ClusterProtocolHeartbeater Heartbeat created at 2023-05-19 19:02:48,076 and sent to mynifi:8082 at 2023-05-19 19:02:48,085; determining Cluster Coordinator took 4 millis; DNS lookup for coordinator took 0 millis; connecting to coordinator took 0 millis; sending heartbeat took 0 millis; receiving first byte from response took 3 millis; receiving full response took 4 millis; total time was 9 millis
2023-05-19 19:02:52,447 INFO [Heartbeat Monitor Thread-1] o.a.n.c.c.h.AbstractHeartbeatMonitor Finished processing 1 heartbeats in 12971 nanos
2023-05-19 19:02:53,091 INFO [Process Cluster Protocol Request-22] o.a.n.c.p.impl.SocketProtocolListener Finished processing request b78327e4-7b72-4ebe-8f71-892b9fa64e87 (type=HEARTBEAT, length=2235 bytes) from mynifi:8080 in 2 millis
2023-05-19 19:02:53,099 INFO [Clustering Tasks Thread-3] o.a.n.c.c.ClusterProtocolHeartbeater Heartbeat created at 2023-05-19 19:02:53,086 and sent to mynifi:8082 at 2023-05-19 19:02:53,099; determining Cluster Coordinator took 1 millis; DNS lookup for coordinator took 0 millis; connecting to coordinator took 0 millis; sending heartbeat took 1 millis; receiving first byte from response took 2 millis; receiving full response took 9 millis; total time was 12 millis
2023-05-19 19:02:57,449 INFO [Heartbeat Monitor Thread-1] o.a.n.c.c.h.AbstractHeartbeatMonitor Finished processing 1 heartbeats in 16889 nanos
2023-05-19 19:02:57,978 INFO [pool-10-thread-1] o.a.n.c.r.WriteAheadFlowFileRepository Initiating checkpoint of FlowFile Repository
2023-05-19 19:02:57,978 INFO [pool-10-thread-1] o.a.n.c.r.WriteAheadFlowFileRepository Successfully checkpointed FlowFile Repository with 0 records in 0 milliseconds
2023-05-19 19:02:58,107 INFO [Process Cluster Protocol Request-23] o.a.n.c.p.impl.SocketProtocolListener Finished processing request 7c0a55d2-fa0a-491d-bc21-4966293c54f0 (type=HEARTBEAT, length=2235 bytes) from mynifi:8080 in 4 millis
2023-05-19 19:02:58,110 INFO [Clustering Tasks Thread-1] o.a.n.c.c.ClusterProtocolHeartbeater Heartbeat created at 2023-05-19 19:02:58,100 and sent to mynifi:8082 at 2023-05-19 19:02:58,110; determining Cluster Coordinator took 1 millis; DNS lookup for coordinator took 0 millis; connecting to coordinator took 1 millis; sending heartbeat took 0 millis; receiving first byte from response took 5 millis; receiving full response took 6 millis; total time was 9 millis
2023-05-19 19:03:02,449 INFO [Heartbeat Monitor Thread-1] o.a.n.c.c.h.AbstractHeartbeatMonitor Finished processing 1 heartbeats in 12661 nanos
2023-05-19 19:03:03,134 INFO [Process Cluster Protocol Request-24] o.a.n.c.p.impl.SocketProtocolListener Finished processing request 9133cdaf-11de-4643-ac58-1597e4c63e36 (type=HEARTBEAT, length=2235 bytes) from mynifi:8080 in 7 millis
2023-05-19 19:03:03,136 INFO [Clustering Tasks Thread-1] o.a.n.c.c.ClusterProtocolHeartbeater Heartbeat created at 2023-05-19 19:03:03,111 and sent to mynifi:8082 at 2023-05-19 19:03:03,136; determining Cluster Coordinator took 13 millis; DNS lookup for coordinator took 0 millis; connecting to coordinator took 0 millis; sending heartbeat took 1 millis; receiving first byte from response took 8 millis; receiving full response took 9 millis; total time was 24 millis
2023-05-19 19:03:07,449 INFO [Heartbeat Monitor Thread-1] o.a.n.c.c.h.AbstractHeartbeatMonitor Finished processing 1 heartbeats in 14304 nanos
2023-05-19 19:03:08,144 INFO [Process Cluster Protocol Request-25] o.a.n.c.p.impl.SocketProtocolListener Finished processing request b455dca3-0540-48a3-a87e-85cff219cbd6 (type=HEARTBEAT, length=2235 bytes) from mynifi:8080 in 3 millis
2023-05-19 19:03:08,148 INFO [Clustering Tasks Thread-3] o.a.n.c.c.ClusterProtocolHeartbeater Heartbeat created at 2023-05-19 19:03:08,138 and sent to mynifi:8082 at 2023-05-19 19:03:08,148; determining Cluster Coordinator took 2 millis; DNS lookup for coordinator took 0 millis; connecting to coordinator took 1 millis; sending heartbeat took 0 millis; receiving first byte from response took 3 millis; receiving full response took 6 millis; total time was 10 millis
2023-05-19 19:03:12,450 INFO [Heartbeat Monitor Thread-1] o.a.n.c.c.h.AbstractHeartbeatMonitor Finished processing 1 heartbeats in 12588 nanos
2023-05-19 19:03:13,154 INFO [Process Cluster Protocol Request-26] o.a.n.c.p.impl.SocketProtocolListener Finished processing request 899d9cd2-d070-4ab4-8cbe-0a6ee9e8634d (type=HEARTBEAT, length=2235 bytes) from mynifi:8080 in 2 millis
2023-05-19 19:03:13,157 INFO [Clustering Tasks Thread-3] o.a.n.c.c.ClusterProtocolHeartbeater Heartbeat created at 2023-05-19 19:03:13,148 and sent to mynifi:8082 at 2023-05-19 19:03:13,157; determining Cluster Coordinator took 1 millis; DNS lookup for coordinator took 1 millis; connecting to coordinator took 0 millis; sending heartbeat took 0 millis; receiving first byte from response took 3 millis; receiving full response took 5 millis; total time was 8 millis
2023-05-19 19:03:17,450 INFO [Heartbeat Monitor Thread-1] o.a.n.c.c.h.AbstractHeartbeatMonitor Finished processing 1 heartbeats in 13959 nanos
2023-05-19 19:03:17,978 INFO [pool-10-thread-1] o.a.n.c.r.WriteAheadFlowFileRepository Initiating checkpoint of FlowFile Repository
2023-05-19 19:03:17,978 INFO [pool-10-thread-1] o.a.n.c.r.WriteAheadFlowFileRepository Successfully checkpointed FlowFile Repository with 0 records in 0 milliseconds
2023-05-19 19:03:18,162 INFO [Process Cluster Protocol Request-27] o.a.n.c.p.impl.SocketProtocolListener Finished processing request 2825ce97-c085-4822-93ef-2c8654d165e1 (type=HEARTBEAT, length=2235 bytes) from mynifi:8080 in 2 millis
2023-05-19 19:03:18,164 INFO [Clustering Tasks Thread-1] o.a.n.c.c.ClusterProtocolHeartbeater Heartbeat created at 2023-05-19 19:03:18,158 and sent to mynifi:8082 at 2023-05-19 19:03:18,164; determining Cluster Coordinator took 1 millis; DNS lookup for coordinator took 0 millis; connecting to coordinator took 0 millis; sending heartbeat took 1 millis; receiving first byte from response took 3 millis; receiving full response took 3 millis; total time was 6 millis
2023-05-19 19:03:22,451 INFO [Heartbeat Monitor Thread-1] o.a.n.c.c.h.AbstractHeartbeatMonitor Finished processing 1 heartbeats in 13199 nanos
2023-05-19 19:03:23,175 INFO [Clustering Tasks Thread-1] o.a.n.c.c.ClusterProtocolHeartbeater Heartbeat created at 2023-05-19 19:03:23,166 and sent to mynifi:8082 at 2023-05-19 19:03:23,175; determining Cluster Coordinator took 1 millis; DNS lookup for coordinator took 1 millis; connecting to coordinator took 0 millis; sending heartbeat took 1 millis; receiving first byte from response took 4 millis; receiving full response took 5 millis; total time was 9 millis
2023-05-19 19:03:23,176 INFO [Process Cluster Protocol Request-28] o.a.n.c.p.impl.SocketProtocolListener Finished processing request 55471b73-cba3-4e0e-b175-06314072bd3e (type=HEARTBEAT, length=2235 bytes) from mynifi:8080 in 7 millis
2023-05-19 19:03:27,452 INFO [Heartbeat Monitor Thread-1] o.a.n.c.c.h.AbstractHeartbeatMonitor Finished processing 1 heartbeats in 20334 nanos
2023-05-19 19:03:28,182 INFO [Process Cluster Protocol Request-29] o.a.n.c.p.impl.SocketProtocolListener Finished processing request 9bbe1f82-98f5-4492-9ee1-a8b65d174869 (type=HEARTBEAT, length=2235 bytes) from mynifi:8080 in 2 millis
2023-05-19 19:03:28,184 INFO [Clustering Tasks Thread-3] o.a.n.c.c.ClusterProtocolHeartbeater Heartbeat created at 2023-05-19 19:03:28,176 and sent to mynifi:8082 at 2023-05-19 19:03:28,184; determining Cluster Coordinator took 2 millis; DNS lookup for coordinator took 0 millis; connecting to coordinator took 1 millis; sending heartbeat took 0 millis; receiving first byte from response took 2 millis; receiving full response took 4 millis; total time was 7 millis
2023-05-19 19:03:32,452 INFO [Heartbeat Monitor Thread-1] o.a.n.c.c.h.AbstractHeartbeatMonitor Finished processing 1 heartbeats in 13228 nanos
2023-05-19 19:03:33,192 INFO [Process Cluster Protocol Request-30] o.a.n.c.p.impl.SocketProtocolListener Finished processing request 9b4ee175-4dee-4ccd-ba45-6bea1b22d582 (type=HEARTBEAT, length=2235 bytes) from mynifi:8080 in 3 millis
2023-05-19 19:03:33,194 INFO [Clustering Tasks Thread-3] o.a.n.c.c.ClusterProtocolHeartbeater Heartbeat created at 2023-05-19 19:03:33,184 and sent to mynifi:8082 at 2023-05-19 19:03:33,194; determining Cluster Coordinator took 2 millis; DNS lookup for coordinator took 0 millis; connecting to coordinator took 0 millis; sending heartbeat took 1 millis; receiving first byte from response took 4 millis; receiving full response took 5 millis; total time was 9 millis
2023-05-19 19:03:36,558 INFO [Write-Ahead Local State Provider Maintenance] org.wali.MinimalLockingWriteAheadLog org.wali.MinimalLockingWriteAheadLog@68aa1164 checkpointed with 21 Records and 0 Swap Files in 7 milliseconds (Stop-the-world time = 2 milliseconds, Clear Edit Logs time = 2 millis), max Transaction ID 233
2023-05-19 19:03:37,452 INFO [Heartbeat Monitor Thread-1] o.a.n.c.c.h.AbstractHeartbeatMonitor Finished processing 1 heartbeats in 13063 nanos
2023-05-19 19:03:37,978 INFO [pool-10-thread-1] o.a.n.c.r.WriteAheadFlowFileRepository Initiating checkpoint of FlowFile Repository
2023-05-19 19:03:37,979 INFO [pool-10-thread-1] o.a.n.c.r.WriteAheadFlowFileRepository Successfully checkpointed FlowFile Repository with 0 records in 0 milliseconds
2023-05-19 19:03:38,200 INFO [Process Cluster Protocol Request-31] o.a.n.c.p.impl.SocketProtocolListener Finished processing request fe581d69-2cc0-457d-a36c-4a751548a2d4 (type=HEARTBEAT, length=2235 bytes) from mynifi:8080 in 2 millis
2023-05-19 19:03:38,202 INFO [Clustering Tasks Thread-1] o.a.n.c.c.ClusterProtocolHeartbeater Heartbeat created at 2023-05-19 19:03:38,195 and sent to mynifi:8082 at 2023-05-19 19:03:38,202; determining Cluster Coordinator took 1 millis; DNS lookup for coordinator took 0 millis; connecting to coordinator took 0 millis; sending heartbeat took 0 millis; receiving first byte from response took 3 millis; receiving full response took 4 millis; total time was 7 millis
